Analysis & Synthesis report for lab04
Tue Mar 13 18:39:23 2018
Quartus II 64-Bit Version 13.0.1 Build 232 06/12/2013 Service Pack 1 SJ Web Edition


---------------------
; Table of Contents ;
---------------------
  1. Legal Notice
  2. Analysis & Synthesis Summary
  3. Analysis & Synthesis Settings
  4. Parallel Compilation
  5. Analysis & Synthesis Source Files Read
  6. Analysis & Synthesis Resource Usage Summary
  7. Analysis & Synthesis Resource Utilization by Entity
  8. Analysis & Synthesis RAM Summary
  9. Analysis & Synthesis IP Cores Summary
 10. State Machine - |lab04|sym_button:BTSYM3|y_present
 11. State Machine - |lab04|sym_button:BTSYM2|y_present
 12. Registers Removed During Synthesis
 13. General Register Statistics
 14. Multiplexer Restructuring Statistics (Restructuring Performed)
 15. Source assignments for memory_rom:ROM|altsyncram:altsyncram_component|altsyncram_0881:auto_generated
 16. Parameter Settings for User Entity Instance: memory_rom:ROM|altsyncram:altsyncram_component
 17. altsyncram Parameter Settings by Entity Instance
 18. Port Connectivity Checks: "maquina_troco:MAQUINADETROCO|FFD:PROCESSREG"
 19. Port Connectivity Checks: "maquina_troco:MAQUINADETROCO|registrador:REG|FFD:FF0"
 20. Port Connectivity Checks: "maquina_troco:MAQUINADETROCO|registrador:REG|FFD:FF1"
 21. Port Connectivity Checks: "maquina_troco:MAQUINADETROCO|registrador:REG|FFD:FF2"
 22. Port Connectivity Checks: "maquina_troco:MAQUINADETROCO|registrador:REG|FFD:FF3"
 23. Port Connectivity Checks: "maquina_troco:MAQUINADETROCO|registrador:REG|FFD:FF4"
 24. Port Connectivity Checks: "maquina_troco:MAQUINADETROCO|registrador:REG|FFD:FF5"
 25. Port Connectivity Checks: "maquina_troco:MAQUINADETROCO|registrador:REG|FFD:FF6"
 26. Port Connectivity Checks: "maquina_troco:MAQUINADETROCO|registrador:REG|FFD:FF7"
 27. Port Connectivity Checks: "maquina_troco:MAQUINADETROCO|registrador:REG|FFD:FF8"
 28. Port Connectivity Checks: "maquina_troco:MAQUINADETROCO|registrador:REG|FFD:FF9"
 29. Port Connectivity Checks: "maquina_troco:MAQUINADETROCO|registrador:REG"
 30. Port Connectivity Checks: "maquina_troco:MAQUINADETROCO|seletor_moeda:CONTROLLER|contador3bits:CONTADORMOEDA|FFD:FFD2"
 31. Port Connectivity Checks: "maquina_troco:MAQUINADETROCO|seletor_moeda:CONTROLLER|contador3bits:CONTADORMOEDA|FFD:FFD1"
 32. Port Connectivity Checks: "maquina_troco:MAQUINADETROCO|seletor_moeda:CONTROLLER|contador3bits:CONTADORMOEDA|FFD:FFD0"
 33. Port Connectivity Checks: "maquina_troco:MAQUINADETROCO|operations:OPERACIONAL|somador10bits:SOMADOR10"
 34. Port Connectivity Checks: "maquina_troco:MAQUINADETROCO"
 35. Port Connectivity Checks: "contador4bits:CONTADORROM|FFD:FFD3"
 36. Port Connectivity Checks: "contador4bits:CONTADORROM|FFD:FFD2"
 37. Port Connectivity Checks: "contador4bits:CONTADORROM|FFD:FFD1"
 38. Port Connectivity Checks: "contador4bits:CONTADORROM|FFD:FFD0"
 39. Port Connectivity Checks: "sym_button:BTSYM3"
 40. Port Connectivity Checks: "sym_button:BTSYM2"
 41. Elapsed Time Per Partition
 42. Analysis & Synthesis Messages



----------------
; Legal Notice ;
----------------
Copyright (C) 1991-2013 Altera Corporation
Your use of Altera Corporation's design tools, logic functions 
and other software and tools, and its AMPP partner logic 
functions, and any output files from any of the foregoing 
(including device programming or simulation files), and any 
associated documentation or information are expressly subject 
to the terms and conditions of the Altera Program License 
Subscription Agreement, Altera MegaCore Function License 
Agreement, or other applicable license agreement, including, 
without limitation, that your use is for the sole purpose of 
programming logic devices manufactured by Altera and sold by 
Altera or its authorized distributors.  Please refer to the 
applicable agreement for further details.



+--------------------------------------------------------------------------------------+
; Analysis & Synthesis Summary                                                         ;
+------------------------------------+-------------------------------------------------+
; Analysis & Synthesis Status        ; Successful - Tue Mar 13 18:39:23 2018           ;
; Quartus II 64-Bit Version          ; 13.0.1 Build 232 06/12/2013 SP 1 SJ Web Edition ;
; Revision Name                      ; lab04                                           ;
; Top-level Entity Name              ; lab04                                           ;
; Family                             ; Cyclone II                                      ;
; Total logic elements               ; 334                                             ;
;     Total combinational functions  ; 333                                             ;
;     Dedicated logic registers      ; 51                                              ;
; Total registers                    ; 51                                              ;
; Total pins                         ; 53                                              ;
; Total virtual pins                 ; 0                                               ;
; Total memory bits                  ; 160                                             ;
; Embedded Multiplier 9-bit elements ; 0                                               ;
; Total PLLs                         ; 0                                               ;
+------------------------------------+-------------------------------------------------+


+----------------------------------------------------------------------------------------------------------------------+
; Analysis & Synthesis Settings                                                                                        ;
+----------------------------------------------------------------------------+--------------------+--------------------+
; Option                                                                     ; Setting            ; Default Value      ;
+----------------------------------------------------------------------------+--------------------+--------------------+
; Device                                                                     ; EP2C35F672C6       ;                    ;
; Top-level entity name                                                      ; lab04              ; lab04              ;
; Family name                                                                ; Cyclone II         ; Cyclone IV GX      ;
; Use smart compilation                                                      ; Off                ; Off                ;
; Enable parallel Assembler and TimeQuest Timing Analyzer during compilation ; On                 ; On                 ;
; Enable compact report table                                                ; Off                ; Off                ;
; Restructure Multiplexers                                                   ; Auto               ; Auto               ;
; Create Debugging Nodes for IP Cores                                        ; Off                ; Off                ;
; Preserve fewer node names                                                  ; On                 ; On                 ;
; Disable OpenCore Plus hardware evaluation                                  ; Off                ; Off                ;
; Verilog Version                                                            ; Verilog_2001       ; Verilog_2001       ;
; VHDL Version                                                               ; VHDL_1993          ; VHDL_1993          ;
; State Machine Processing                                                   ; Auto               ; Auto               ;
; Safe State Machine                                                         ; Off                ; Off                ;
; Extract Verilog State Machines                                             ; On                 ; On                 ;
; Extract VHDL State Machines                                                ; On                 ; On                 ;
; Ignore Verilog initial constructs                                          ; Off                ; Off                ;
; Iteration limit for constant Verilog loops                                 ; 5000               ; 5000               ;
; Iteration limit for non-constant Verilog loops                             ; 250                ; 250                ;
; Add Pass-Through Logic to Inferred RAMs                                    ; On                 ; On                 ;
; Infer RAMs from Raw Logic                                                  ; On                 ; On                 ;
; Parallel Synthesis                                                         ; On                 ; On                 ;
; DSP Block Balancing                                                        ; Auto               ; Auto               ;
; NOT Gate Push-Back                                                         ; On                 ; On                 ;
; Power-Up Don't Care                                                        ; On                 ; On                 ;
; Remove Redundant Logic Cells                                               ; Off                ; Off                ;
; Remove Duplicate Registers                                                 ; On                 ; On                 ;
; Ignore CARRY Buffers                                                       ; Off                ; Off                ;
; Ignore CASCADE Buffers                                                     ; Off                ; Off                ;
; Ignore GLOBAL Buffers                                                      ; Off                ; Off                ;
; Ignore ROW GLOBAL Buffers                                                  ; Off                ; Off                ;
; Ignore LCELL Buffers                                                       ; Off                ; Off                ;
; Ignore SOFT Buffers                                                        ; On                 ; On                 ;
; Limit AHDL Integers to 32 Bits                                             ; Off                ; Off                ;
; Optimization Technique                                                     ; Balanced           ; Balanced           ;
; Carry Chain Length                                                         ; 70                 ; 70                 ;
; Auto Carry Chains                                                          ; On                 ; On                 ;
; Auto Open-Drain Pins                                                       ; On                 ; On                 ;
; Perform WYSIWYG Primitive Resynthesis                                      ; Off                ; Off                ;
; Auto ROM Replacement                                                       ; On                 ; On                 ;
; Auto RAM Replacement                                                       ; On                 ; On                 ;
; Auto Shift Register Replacement                                            ; Auto               ; Auto               ;
; Allow Shift Register Merging across Hierarchies                            ; Auto               ; Auto               ;
; Auto Clock Enable Replacement                                              ; On                 ; On                 ;
; Strict RAM Replacement                                                     ; Off                ; Off                ;
; Allow Synchronous Control Signals                                          ; On                 ; On                 ;
; Force Use of Synchronous Clear Signals                                     ; Off                ; Off                ;
; Auto RAM to Logic Cell Conversion                                          ; Off                ; Off                ;
; Auto Resource Sharing                                                      ; Off                ; Off                ;
; Allow Any RAM Size For Recognition                                         ; Off                ; Off                ;
; Allow Any ROM Size For Recognition                                         ; Off                ; Off                ;
; Allow Any Shift Register Size For Recognition                              ; Off                ; Off                ;
; Use LogicLock Constraints during Resource Balancing                        ; On                 ; On                 ;
; Ignore translate_off and synthesis_off directives                          ; Off                ; Off                ;
; Timing-Driven Synthesis                                                    ; Off                ; Off                ;
; Report Parameter Settings                                                  ; On                 ; On                 ;
; Report Source Assignments                                                  ; On                 ; On                 ;
; Report Connectivity Checks                                                 ; On                 ; On                 ;
; Ignore Maximum Fan-Out Assignments                                         ; Off                ; Off                ;
; Synchronization Register Chain Length                                      ; 2                  ; 2                  ;
; PowerPlay Power Optimization                                               ; Normal compilation ; Normal compilation ;
; HDL message level                                                          ; Level2             ; Level2             ;
; Suppress Register Optimization Related Messages                            ; Off                ; Off                ;
; Number of Removed Registers Reported in Synthesis Report                   ; 5000               ; 5000               ;
; Number of Swept Nodes Reported in Synthesis Report                         ; 5000               ; 5000               ;
; Number of Inverted Registers Reported in Synthesis Report                  ; 100                ; 100                ;
; Clock MUX Protection                                                       ; On                 ; On                 ;
; Auto Gated Clock Conversion                                                ; Off                ; Off                ;
; Block Design Naming                                                        ; Auto               ; Auto               ;
; SDC constraint protection                                                  ; Off                ; Off                ;
; Synthesis Effort                                                           ; Auto               ; Auto               ;
; Shift Register Replacement - Allow Asynchronous Clear Signal               ; On                 ; On                 ;
; Pre-Mapping Resynthesis Optimization                                       ; Off                ; Off                ;
; Analysis & Synthesis Message Level                                         ; Medium             ; Medium             ;
; Disable Register Merging Across Hierarchies                                ; Auto               ; Auto               ;
; Resource Aware Inference For Block RAM                                     ; On                 ; On                 ;
; Synthesis Seed                                                             ; 1                  ; 1                  ;
+----------------------------------------------------------------------------+--------------------+--------------------+


Parallel compilation was disabled, but you have multiple processors available. Enable parallel compilation to reduce compilation time.
+-------------------------------------+
; Parallel Compilation                ;
+----------------------------+--------+
; Processors                 ; Number ;
+----------------------------+--------+
; Number detected on machine ; 4      ;
; Maximum allowed            ; 1      ;
+----------------------------+--------+


+------------------------------------------------------------------------------------------------------------------------------------------------------------------------------------+
; Analysis & Synthesis Source Files Read                                                                                                                                             ;
+----------------------------------+-----------------+----------------------------------+----------------------------------------------------------------------------------+---------+
; File Name with User-Entered Path ; Used in Netlist ; File Type                        ; File Name with Absolute Path                                                     ; Library ;
+----------------------------------+-----------------+----------------------------------+----------------------------------------------------------------------------------+---------+
; sym_button.vhd                   ; yes             ; User VHDL File                   ; C:/Users/Camila Barbosa/Documents/Sistemas Digitais/LAB04/sym_button.vhd         ;         ;
; somador_bit.vhd                  ; yes             ; User VHDL File                   ; C:/Users/Camila Barbosa/Documents/Sistemas Digitais/LAB04/somador_bit.vhd        ;         ;
; somador.vhd                      ; yes             ; User VHDL File                   ; C:/Users/Camila Barbosa/Documents/Sistemas Digitais/LAB04/somador.vhd            ;         ;
; seletor_moeda.vhd                ; yes             ; User VHDL File                   ; C:/Users/Camila Barbosa/Documents/Sistemas Digitais/LAB04/seletor_moeda.vhd      ;         ;
; reg10bits.vhd                    ; yes             ; User VHDL File                   ; C:/Users/Camila Barbosa/Documents/Sistemas Digitais/LAB04/reg10bits.vhd          ;         ;
; operations.vhd                   ; yes             ; User VHDL File                   ; C:/Users/Camila Barbosa/Documents/Sistemas Digitais/LAB04/operations.vhd         ;         ;
; mux_tem_moeda.vhd                ; yes             ; User VHDL File                   ; C:/Users/Camila Barbosa/Documents/Sistemas Digitais/LAB04/mux_tem_moeda.vhd      ;         ;
; mux_reg_atual.vhd                ; yes             ; User VHDL File                   ; C:/Users/Camila Barbosa/Documents/Sistemas Digitais/LAB04/mux_reg_atual.vhd      ;         ;
; maquina_troco.vhd                ; yes             ; User VHDL File                   ; C:/Users/Camila Barbosa/Documents/Sistemas Digitais/LAB04/maquina_troco.vhd      ;         ;
; main.vhd                         ; yes             ; User VHDL File                   ; C:/Users/Camila Barbosa/Documents/Sistemas Digitais/LAB04/main.vhd               ;         ;
; FFD.vhd                          ; yes             ; User VHDL File                   ; C:/Users/Camila Barbosa/Documents/Sistemas Digitais/LAB04/FFD.vhd                ;         ;
; display7seg.vhd                  ; yes             ; User VHDL File                   ; C:/Users/Camila Barbosa/Documents/Sistemas Digitais/LAB04/display7seg.vhd        ;         ;
; decod_out_moeda.vhd              ; yes             ; User VHDL File                   ; C:/Users/Camila Barbosa/Documents/Sistemas Digitais/LAB04/decod_out_moeda.vhd    ;         ;
; decod_moeda.vhd                  ; yes             ; User VHDL File                   ; C:/Users/Camila Barbosa/Documents/Sistemas Digitais/LAB04/decod_moeda.vhd        ;         ;
; contador4bits.vhd                ; yes             ; User VHDL File                   ; C:/Users/Camila Barbosa/Documents/Sistemas Digitais/LAB04/contador4bits.vhd      ;         ;
; contador3bits.vhd                ; yes             ; User VHDL File                   ; C:/Users/Camila Barbosa/Documents/Sistemas Digitais/LAB04/contador3bits.vhd      ;         ;
; comparador10bits.vhd             ; yes             ; User VHDL File                   ; C:/Users/Camila Barbosa/Documents/Sistemas Digitais/LAB04/comparador10bits.vhd   ;         ;
; clock.vhd                        ; yes             ; User VHDL File                   ; C:/Users/Camila Barbosa/Documents/Sistemas Digitais/LAB04/clock.vhd              ;         ;
; bin_bcd_3digit.vhd               ; yes             ; User VHDL File                   ; C:/Users/Camila Barbosa/Documents/Sistemas Digitais/LAB04/bin_bcd_3digit.vhd     ;         ;
; memory_rom.mif                   ; yes             ; User Memory Initialization File  ; C:/Users/Camila Barbosa/Documents/Sistemas Digitais/LAB04/memory_rom.mif         ;         ;
; memory_rom.vhd                   ; yes             ; User Wizard-Generated File       ; C:/Users/Camila Barbosa/Documents/Sistemas Digitais/LAB04/memory_rom.vhd         ;         ;
; altsyncram.tdf                   ; yes             ; Megafunction                     ; c:/altera/13.0sp1/quartus/libraries/megafunctions/altsyncram.tdf                 ;         ;
; stratix_ram_block.inc            ; yes             ; Megafunction                     ; c:/altera/13.0sp1/quartus/libraries/megafunctions/stratix_ram_block.inc          ;         ;
; lpm_mux.inc                      ; yes             ; Megafunction                     ; c:/altera/13.0sp1/quartus/libraries/megafunctions/lpm_mux.inc                    ;         ;
; lpm_decode.inc                   ; yes             ; Megafunction                     ; c:/altera/13.0sp1/quartus/libraries/megafunctions/lpm_decode.inc                 ;         ;
; aglobal130.inc                   ; yes             ; Megafunction                     ; c:/altera/13.0sp1/quartus/libraries/megafunctions/aglobal130.inc                 ;         ;
; a_rdenreg.inc                    ; yes             ; Megafunction                     ; c:/altera/13.0sp1/quartus/libraries/megafunctions/a_rdenreg.inc                  ;         ;
; altrom.inc                       ; yes             ; Megafunction                     ; c:/altera/13.0sp1/quartus/libraries/megafunctions/altrom.inc                     ;         ;
; altram.inc                       ; yes             ; Megafunction                     ; c:/altera/13.0sp1/quartus/libraries/megafunctions/altram.inc                     ;         ;
; altdpram.inc                     ; yes             ; Megafunction                     ; c:/altera/13.0sp1/quartus/libraries/megafunctions/altdpram.inc                   ;         ;
; db/altsyncram_0881.tdf           ; yes             ; Auto-Generated Megafunction      ; C:/Users/Camila Barbosa/Documents/Sistemas Digitais/LAB04/db/altsyncram_0881.tdf ;         ;
+----------------------------------+-----------------+----------------------------------+----------------------------------------------------------------------------------+---------+


+------------------------------------------------------------------------------------------------------------------------------------+
; Analysis & Synthesis Resource Usage Summary                                                                                        ;
+---------------------------------------------+--------------------------------------------------------------------------------------+
; Resource                                    ; Usage                                                                                ;
+---------------------------------------------+--------------------------------------------------------------------------------------+
; Estimated Total logic elements              ; 334                                                                                  ;
;                                             ;                                                                                      ;
; Total combinational functions               ; 333                                                                                  ;
; Logic element usage by number of LUT inputs ;                                                                                      ;
;     -- 4 input functions                    ; 213                                                                                  ;
;     -- 3 input functions                    ; 55                                                                                   ;
;     -- <=2 input functions                  ; 65                                                                                   ;
;                                             ;                                                                                      ;
; Logic elements by mode                      ;                                                                                      ;
;     -- normal mode                          ; 285                                                                                  ;
;     -- arithmetic mode                      ; 48                                                                                   ;
;                                             ;                                                                                      ;
; Total registers                             ; 51                                                                                   ;
;     -- Dedicated logic registers            ; 51                                                                                   ;
;     -- I/O registers                        ; 0                                                                                    ;
;                                             ;                                                                                      ;
; I/O pins                                    ; 53                                                                                   ;
; Total memory bits                           ; 160                                                                                  ;
; Embedded Multiplier 9-bit elements          ; 0                                                                                    ;
; Maximum fan-out node                        ; memory_rom:ROM|altsyncram:altsyncram_component|altsyncram_0881:auto_generated|q_a[3] ;
; Maximum fan-out                             ; 43                                                                                   ;
; Total fan-out                               ; 1375                                                                                 ;
; Average fan-out                             ; 3.08                                                                                 ;
+---------------------------------------------+--------------------------------------------------------------------------------------+


+-----------------------------------------------------------------------------------------------------------------------------------------------------------------------------------------------------------------------------------------------------------------------------+
; Analysis & Synthesis Resource Utilization by Entity                                                                                                                                                                                                                         ;
+-------------------------------------------+-------------------+--------------+-------------+--------------+---------+-----------+------+--------------+------------------------------------------------------------------------------------------------------+--------------+
; Compilation Hierarchy Node                ; LC Combinationals ; LC Registers ; Memory Bits ; DSP Elements ; DSP 9x9 ; DSP 18x18 ; Pins ; Virtual Pins ; Full Hierarchy Name                                                                                  ; Library Name ;
+-------------------------------------------+-------------------+--------------+-------------+--------------+---------+-----------+------+--------------+------------------------------------------------------------------------------------------------------+--------------+
; |lab04                                    ; 333 (0)           ; 51 (0)       ; 160         ; 0            ; 0       ; 0         ; 53   ; 0            ; |lab04                                                                                               ; work         ;
;    |bcd3_conversor:BCDCONVERSOR|          ; 42 (42)           ; 0 (0)        ; 0           ; 0            ; 0       ; 0         ; 0    ; 0            ; |lab04|bcd3_conversor:BCDCONVERSOR                                                                   ; work         ;
;    |clkDiv:CLK|                           ; 52 (52)           ; 29 (29)      ; 0           ; 0            ; 0       ; 0         ; 0    ; 0            ; |lab04|clkDiv:CLK                                                                                    ; work         ;
;    |contador4bits:CONTADORROM|            ; 4 (1)             ; 4 (0)        ; 0           ; 0            ; 0       ; 0         ; 0    ; 0            ; |lab04|contador4bits:CONTADORROM                                                                     ; work         ;
;       |FFD:FFD0|                          ; 1 (1)             ; 1 (1)        ; 0           ; 0            ; 0       ; 0         ; 0    ; 0            ; |lab04|contador4bits:CONTADORROM|FFD:FFD0                                                            ; work         ;
;       |FFD:FFD1|                          ; 1 (1)             ; 1 (1)        ; 0           ; 0            ; 0       ; 0         ; 0    ; 0            ; |lab04|contador4bits:CONTADORROM|FFD:FFD1                                                            ; work         ;
;       |FFD:FFD2|                          ; 1 (1)             ; 1 (1)        ; 0           ; 0            ; 0       ; 0         ; 0    ; 0            ; |lab04|contador4bits:CONTADORROM|FFD:FFD2                                                            ; work         ;
;       |FFD:FFD3|                          ; 0 (0)             ; 1 (1)        ; 0           ; 0            ; 0       ; 0         ; 0    ; 0            ; |lab04|contador4bits:CONTADORROM|FFD:FFD3                                                            ; work         ;
;    |display:HEX00|                        ; 73 (73)           ; 0 (0)        ; 0           ; 0            ; 0       ; 0         ; 0    ; 0            ; |lab04|display:HEX00                                                                                 ; work         ;
;    |display:HEX01|                        ; 43 (43)           ; 0 (0)        ; 0           ; 0            ; 0       ; 0         ; 0    ; 0            ; |lab04|display:HEX01                                                                                 ; work         ;
;    |display:HEX02|                        ; 35 (35)           ; 0 (0)        ; 0           ; 0            ; 0       ; 0         ; 0    ; 0            ; |lab04|display:HEX02                                                                                 ; work         ;
;    |maquina_troco:MAQUINADETROCO|         ; 80 (8)            ; 14 (0)       ; 0           ; 0            ; 0       ; 0         ; 0    ; 0            ; |lab04|maquina_troco:MAQUINADETROCO                                                                  ; work         ;
;       |FFD:PROCESSREG|                    ; 0 (0)             ; 1 (1)        ; 0           ; 0            ; 0       ; 0         ; 0    ; 0            ; |lab04|maquina_troco:MAQUINADETROCO|FFD:PROCESSREG                                                   ; work         ;
;       |decod_moeda_out:DECODOUT|          ; 12 (12)           ; 0 (0)        ; 0           ; 0            ; 0       ; 0         ; 0    ; 0            ; |lab04|maquina_troco:MAQUINADETROCO|decod_moeda_out:DECODOUT                                         ; work         ;
;       |operations:OPERACIONAL|            ; 31 (13)           ; 0 (0)        ; 0           ; 0            ; 0       ; 0         ; 0    ; 0            ; |lab04|maquina_troco:MAQUINADETROCO|operations:OPERACIONAL                                           ; work         ;
;          |comparador:COMPARADOR0|         ; 17 (17)           ; 0 (0)        ; 0           ; 0            ; 0       ; 0         ; 0    ; 0            ; |lab04|maquina_troco:MAQUINADETROCO|operations:OPERACIONAL|comparador:COMPARADOR0                    ; work         ;
;          |somador10bits:SOMADOR10|        ; 1 (0)             ; 0 (0)        ; 0           ; 0            ; 0       ; 0         ; 0    ; 0            ; |lab04|maquina_troco:MAQUINADETROCO|operations:OPERACIONAL|somador10bits:SOMADOR10                   ; work         ;
;             |somador_bit:SOMA1|           ; 1 (1)             ; 0 (0)        ; 0           ; 0            ; 0       ; 0         ; 0    ; 0            ; |lab04|maquina_troco:MAQUINADETROCO|operations:OPERACIONAL|somador10bits:SOMADOR10|somador_bit:SOMA1 ; work         ;
;       |registrador:REG|                   ; 13 (0)            ; 10 (0)       ; 0           ; 0            ; 0       ; 0         ; 0    ; 0            ; |lab04|maquina_troco:MAQUINADETROCO|registrador:REG                                                  ; work         ;
;          |FFD:FF0|                        ; 3 (3)             ; 1 (1)        ; 0           ; 0            ; 0       ; 0         ; 0    ; 0            ; |lab04|maquina_troco:MAQUINADETROCO|registrador:REG|FFD:FF0                                          ; work         ;
;          |FFD:FF1|                        ; 2 (2)             ; 1 (1)        ; 0           ; 0            ; 0       ; 0         ; 0    ; 0            ; |lab04|maquina_troco:MAQUINADETROCO|registrador:REG|FFD:FF1                                          ; work         ;
;          |FFD:FF2|                        ; 1 (1)             ; 1 (1)        ; 0           ; 0            ; 0       ; 0         ; 0    ; 0            ; |lab04|maquina_troco:MAQUINADETROCO|registrador:REG|FFD:FF2                                          ; work         ;
;          |FFD:FF3|                        ; 1 (1)             ; 1 (1)        ; 0           ; 0            ; 0       ; 0         ; 0    ; 0            ; |lab04|maquina_troco:MAQUINADETROCO|registrador:REG|FFD:FF3                                          ; work         ;
;          |FFD:FF4|                        ; 1 (1)             ; 1 (1)        ; 0           ; 0            ; 0       ; 0         ; 0    ; 0            ; |lab04|maquina_troco:MAQUINADETROCO|registrador:REG|FFD:FF4                                          ; work         ;
;          |FFD:FF5|                        ; 1 (1)             ; 1 (1)        ; 0           ; 0            ; 0       ; 0         ; 0    ; 0            ; |lab04|maquina_troco:MAQUINADETROCO|registrador:REG|FFD:FF5                                          ; work         ;
;          |FFD:FF6|                        ; 1 (1)             ; 1 (1)        ; 0           ; 0            ; 0       ; 0         ; 0    ; 0            ; |lab04|maquina_troco:MAQUINADETROCO|registrador:REG|FFD:FF6                                          ; work         ;
;          |FFD:FF7|                        ; 1 (1)             ; 1 (1)        ; 0           ; 0            ; 0       ; 0         ; 0    ; 0            ; |lab04|maquina_troco:MAQUINADETROCO|registrador:REG|FFD:FF7                                          ; work         ;
;          |FFD:FF8|                        ; 1 (1)             ; 1 (1)        ; 0           ; 0            ; 0       ; 0         ; 0    ; 0            ; |lab04|maquina_troco:MAQUINADETROCO|registrador:REG|FFD:FF8                                          ; work         ;
;          |FFD:FF9|                        ; 1 (1)             ; 1 (1)        ; 0           ; 0            ; 0       ; 0         ; 0    ; 0            ; |lab04|maquina_troco:MAQUINADETROCO|registrador:REG|FFD:FF9                                          ; work         ;
;       |seletor_moeda:CONTROLLER|          ; 16 (1)            ; 3 (0)        ; 0           ; 0            ; 0       ; 0         ; 0    ; 0            ; |lab04|maquina_troco:MAQUINADETROCO|seletor_moeda:CONTROLLER                                         ; work         ;
;          |contador3bits:CONTADORMOEDA|    ; 4 (0)             ; 3 (0)        ; 0           ; 0            ; 0       ; 0         ; 0    ; 0            ; |lab04|maquina_troco:MAQUINADETROCO|seletor_moeda:CONTROLLER|contador3bits:CONTADORMOEDA             ; work         ;
;             |FFD:FFD0|                    ; 1 (1)             ; 1 (1)        ; 0           ; 0            ; 0       ; 0         ; 0    ; 0            ; |lab04|maquina_troco:MAQUINADETROCO|seletor_moeda:CONTROLLER|contador3bits:CONTADORMOEDA|FFD:FFD0    ; work         ;
;             |FFD:FFD1|                    ; 1 (1)             ; 1 (1)        ; 0           ; 0            ; 0       ; 0         ; 0    ; 0            ; |lab04|maquina_troco:MAQUINADETROCO|seletor_moeda:CONTROLLER|contador3bits:CONTADORMOEDA|FFD:FFD1    ; work         ;
;             |FFD:FFD2|                    ; 2 (2)             ; 1 (1)        ; 0           ; 0            ; 0       ; 0         ; 0    ; 0            ; |lab04|maquina_troco:MAQUINADETROCO|seletor_moeda:CONTROLLER|contador3bits:CONTADORMOEDA|FFD:FFD2    ; work         ;
;          |decod_moeda:DECODMOEDA|         ; 6 (6)             ; 0 (0)        ; 0           ; 0            ; 0       ; 0         ; 0    ; 0            ; |lab04|maquina_troco:MAQUINADETROCO|seletor_moeda:CONTROLLER|decod_moeda:DECODMOEDA                  ; work         ;
;          |mux_tem_moeda:MUXMOEDA|         ; 5 (5)             ; 0 (0)        ; 0           ; 0            ; 0       ; 0         ; 0    ; 0            ; |lab04|maquina_troco:MAQUINADETROCO|seletor_moeda:CONTROLLER|mux_tem_moeda:MUXMOEDA                  ; work         ;
;    |memory_rom:ROM|                       ; 0 (0)             ; 0 (0)        ; 160         ; 0            ; 0       ; 0         ; 0    ; 0            ; |lab04|memory_rom:ROM                                                                                ; work         ;
;       |altsyncram:altsyncram_component|   ; 0 (0)             ; 0 (0)        ; 160         ; 0            ; 0       ; 0         ; 0    ; 0            ; |lab04|memory_rom:ROM|altsyncram:altsyncram_component                                                ; work         ;
;          |altsyncram_0881:auto_generated| ; 0 (0)             ; 0 (0)        ; 160         ; 0            ; 0       ; 0         ; 0    ; 0            ; |lab04|memory_rom:ROM|altsyncram:altsyncram_component|altsyncram_0881:auto_generated                 ; work         ;
;    |sym_button:BTSYM2|                    ; 2 (2)             ; 2 (2)        ; 0           ; 0            ; 0       ; 0         ; 0    ; 0            ; |lab04|sym_button:BTSYM2                                                                             ; work         ;
;    |sym_button:BTSYM3|                    ; 2 (2)             ; 2 (2)        ; 0           ; 0            ; 0       ; 0         ; 0    ; 0            ; |lab04|sym_button:BTSYM3                                                                             ; work         ;
+-------------------------------------------+-------------------+--------------+-------------+--------------+---------+-----------+------+--------------+------------------------------------------------------------------------------------------------------+--------------+
Note: For table entries with two numbers listed, the numbers in parentheses indicate the number of resources of the given type used by the specific entity alone. The numbers listed outside of parentheses indicate the total resources of the given type used by the specific entity and all of its sub-entities in the hierarchy.


+--------------------------------------------------------------------------------------------------------------------------------------------------------------------------------------------+
; Analysis & Synthesis RAM Summary                                                                                                                                                           ;
+------------------------------------------------------------------------------------------+------+------+--------------+--------------+--------------+--------------+------+----------------+
; Name                                                                                     ; Type ; Mode ; Port A Depth ; Port A Width ; Port B Depth ; Port B Width ; Size ; MIF            ;
+------------------------------------------------------------------------------------------+------+------+--------------+--------------+--------------+--------------+------+----------------+
; memory_rom:ROM|altsyncram:altsyncram_component|altsyncram_0881:auto_generated|ALTSYNCRAM ; AUTO ; ROM  ; 16           ; 10           ; --           ; --           ; 160  ; memory_rom.mif ;
+------------------------------------------------------------------------------------------+------+------+--------------+--------------+--------------+--------------+------+----------------+


+------------------------------------------------------------------------------------------------------------------------------------------------------------------+
; Analysis & Synthesis IP Cores Summary                                                                                                                            ;
+--------+--------------+---------+--------------+--------------+-----------------------+--------------------------------------------------------------------------+
; Vendor ; IP Core Name ; Version ; Release Date ; License Type ; Entity Instance       ; IP Include File                                                          ;
+--------+--------------+---------+--------------+--------------+-----------------------+--------------------------------------------------------------------------+
; Altera ; ROM: 1-PORT  ; 13.0    ; N/A          ; N/A          ; |lab04|memory_rom:ROM ; C:/Users/Camila Barbosa/Documents/Sistemas Digitais/LAB04/memory_rom.vhd ;
+--------+--------------+---------+--------------+--------------+-----------------------+--------------------------------------------------------------------------+


Encoding Type:  One-Hot
+-------------------------------------------------------+
; State Machine - |lab04|sym_button:BTSYM3|y_present    ;
+-------------+-------------+-------------+-------------+
; Name        ; y_present.c ; y_present.b ; y_present.a ;
+-------------+-------------+-------------+-------------+
; y_present.a ; 0           ; 0           ; 0           ;
; y_present.b ; 0           ; 1           ; 1           ;
; y_present.c ; 1           ; 0           ; 1           ;
+-------------+-------------+-------------+-------------+


Encoding Type:  One-Hot
+-------------------------------------------------------+
; State Machine - |lab04|sym_button:BTSYM2|y_present    ;
+-------------+-------------+-------------+-------------+
; Name        ; y_present.c ; y_present.b ; y_present.a ;
+-------------+-------------+-------------+-------------+
; y_present.a ; 0           ; 0           ; 0           ;
; y_present.b ; 0           ; 1           ; 1           ;
; y_present.c ; 1           ; 0           ; 1           ;
+-------------+-------------+-------------+-------------+


+------------------------------------------------------------+
; Registers Removed During Synthesis                         ;
+---------------------------------------+--------------------+
; Register name                         ; Reason for Removal ;
+---------------------------------------+--------------------+
; sym_button:BTSYM3|y_present.c         ; Lost fanout        ;
; sym_button:BTSYM2|y_present.c         ; Lost fanout        ;
; Total Number of Removed Registers = 2 ;                    ;
+---------------------------------------+--------------------+


+------------------------------------------------------+
; General Register Statistics                          ;
+----------------------------------------------+-------+
; Statistic                                    ; Value ;
+----------------------------------------------+-------+
; Total registers                              ; 51    ;
; Number of registers using Synchronous Clear  ; 0     ;
; Number of registers using Synchronous Load   ; 9     ;
; Number of registers using Asynchronous Clear ; 8     ;
; Number of registers using Asynchronous Load  ; 0     ;
; Number of registers using Clock Enable       ; 12    ;
; Number of registers using Preset             ; 0     ;
+----------------------------------------------+-------+


+------------------------------------------------------------------------------------------------------------------------------------------------------------------------------------------------------------------+
; Multiplexer Restructuring Statistics (Restructuring Performed)                                                                                                                                                   ;
+--------------------+-----------+---------------+----------------------+------------------------+------------+----------------------------------------------------------------------------------------------------+
; Multiplexer Inputs ; Bus Width ; Baseline Area ; Area if Restructured ; Saving if Restructured ; Registered ; Example Multiplexer Output                                                                         ;
+--------------------+-----------+---------------+----------------------+------------------------+------------+----------------------------------------------------------------------------------------------------+
; 3:1                ; 10 bits   ; 20 LEs        ; 10 LEs               ; 10 LEs                 ; Yes        ; |lab04|maquina_troco:MAQUINADETROCO|registrador:REG|FFD:FF5|qS                                     ;
; 3:1                ; 2 bits    ; 4 LEs         ; 4 LEs                ; 0 LEs                  ; No         ; |lab04|maquina_troco:MAQUINADETROCO|seletor_moeda:CONTROLLER|decod_moeda:DECODMOEDA|valor_moeda[4] ;
; 4:1                ; 5 bits    ; 10 LEs        ; 10 LEs               ; 0 LEs                  ; No         ; |lab04|maquina_troco:MAQUINADETROCO|seletor_moeda:CONTROLLER|decod_moeda:DECODMOEDA|valor_moeda[1] ;
; 128:1              ; 2 bits    ; 170 LEs       ; 130 LEs              ; 40 LEs                 ; No         ; |lab04|display:HEX01|outt[4]                                                                       ;
; 256:1              ; 2 bits    ; 340 LEs       ; 242 LEs              ; 98 LEs                 ; No         ; |lab04|display:HEX00|outt[6]                                                                       ;
; 256:1              ; 2 bits    ; 340 LEs       ; 76 LEs               ; 264 LEs                ; No         ; |lab04|display:HEX02|outt[6]                                                                       ;
+--------------------+-----------+---------------+----------------------+------------------------+------------+----------------------------------------------------------------------------------------------------+


+------------------------------------------------------------------------------------------------------+
; Source assignments for memory_rom:ROM|altsyncram:altsyncram_component|altsyncram_0881:auto_generated ;
+---------------------------------+--------------------+------+----------------------------------------+
; Assignment                      ; Value              ; From ; To                                     ;
+---------------------------------+--------------------+------+----------------------------------------+
; OPTIMIZE_POWER_DURING_SYNTHESIS ; NORMAL_COMPILATION ; -    ; -                                      ;
+---------------------------------+--------------------+------+----------------------------------------+


+---------------------------------------------------------------------------------------------+
; Parameter Settings for User Entity Instance: memory_rom:ROM|altsyncram:altsyncram_component ;
+------------------------------------+----------------------+---------------------------------+
; Parameter Name                     ; Value                ; Type                            ;
+------------------------------------+----------------------+---------------------------------+
; BYTE_SIZE_BLOCK                    ; 8                    ; Untyped                         ;
; AUTO_CARRY_CHAINS                  ; ON                   ; AUTO_CARRY                      ;
; IGNORE_CARRY_BUFFERS               ; OFF                  ; IGNORE_CARRY                    ;
; AUTO_CASCADE_CHAINS                ; ON                   ; AUTO_CASCADE                    ;
; IGNORE_CASCADE_BUFFERS             ; OFF                  ; IGNORE_CASCADE                  ;
; WIDTH_BYTEENA                      ; 1                    ; Untyped                         ;
; OPERATION_MODE                     ; ROM                  ; Untyped                         ;
; WIDTH_A                            ; 10                   ; Signed Integer                  ;
; WIDTHAD_A                          ; 4                    ; Signed Integer                  ;
; NUMWORDS_A                         ; 16                   ; Signed Integer                  ;
; OUTDATA_REG_A                      ; UNREGISTERED         ; Untyped                         ;
; ADDRESS_ACLR_A                     ; NONE                 ; Untyped                         ;
; OUTDATA_ACLR_A                     ; NONE                 ; Untyped                         ;
; WRCONTROL_ACLR_A                   ; NONE                 ; Untyped                         ;
; INDATA_ACLR_A                      ; NONE                 ; Untyped                         ;
; BYTEENA_ACLR_A                     ; NONE                 ; Untyped                         ;
; WIDTH_B                            ; 1                    ; Untyped                         ;
; WIDTHAD_B                          ; 1                    ; Untyped                         ;
; NUMWORDS_B                         ; 1                    ; Untyped                         ;
; INDATA_REG_B                       ; CLOCK1               ; Untyped                         ;
; WRCONTROL_WRADDRESS_REG_B          ; CLOCK1               ; Untyped                         ;
; RDCONTROL_REG_B                    ; CLOCK1               ; Untyped                         ;
; ADDRESS_REG_B                      ; CLOCK1               ; Untyped                         ;
; OUTDATA_REG_B                      ; UNREGISTERED         ; Untyped                         ;
; BYTEENA_REG_B                      ; CLOCK1               ; Untyped                         ;
; INDATA_ACLR_B                      ; NONE                 ; Untyped                         ;
; WRCONTROL_ACLR_B                   ; NONE                 ; Untyped                         ;
; ADDRESS_ACLR_B                     ; NONE                 ; Untyped                         ;
; OUTDATA_ACLR_B                     ; NONE                 ; Untyped                         ;
; RDCONTROL_ACLR_B                   ; NONE                 ; Untyped                         ;
; BYTEENA_ACLR_B                     ; NONE                 ; Untyped                         ;
; WIDTH_BYTEENA_A                    ; 1                    ; Signed Integer                  ;
; WIDTH_BYTEENA_B                    ; 1                    ; Untyped                         ;
; RAM_BLOCK_TYPE                     ; AUTO                 ; Untyped                         ;
; BYTE_SIZE                          ; 8                    ; Untyped                         ;
; READ_DURING_WRITE_MODE_MIXED_PORTS ; DONT_CARE            ; Untyped                         ;
; READ_DURING_WRITE_MODE_PORT_A      ; NEW_DATA_NO_NBE_READ ; Untyped                         ;
; READ_DURING_WRITE_MODE_PORT_B      ; NEW_DATA_NO_NBE_READ ; Untyped                         ;
; INIT_FILE                          ; memory_rom.mif       ; Untyped                         ;
; INIT_FILE_LAYOUT                   ; PORT_A               ; Untyped                         ;
; MAXIMUM_DEPTH                      ; 0                    ; Untyped                         ;
; CLOCK_ENABLE_INPUT_A               ; BYPASS               ; Untyped                         ;
; CLOCK_ENABLE_INPUT_B               ; NORMAL               ; Untyped                         ;
; CLOCK_ENABLE_OUTPUT_A              ; BYPASS               ; Untyped                         ;
; CLOCK_ENABLE_OUTPUT_B              ; NORMAL               ; Untyped                         ;
; CLOCK_ENABLE_CORE_A                ; USE_INPUT_CLKEN      ; Untyped                         ;
; CLOCK_ENABLE_CORE_B                ; USE_INPUT_CLKEN      ; Untyped                         ;
; ENABLE_ECC                         ; FALSE                ; Untyped                         ;
; ECC_PIPELINE_STAGE_ENABLED         ; FALSE                ; Untyped                         ;
; WIDTH_ECCSTATUS                    ; 3                    ; Untyped                         ;
; DEVICE_FAMILY                      ; Cyclone II           ; Untyped                         ;
; CBXI_PARAMETER                     ; altsyncram_0881      ; Untyped                         ;
+------------------------------------+----------------------+---------------------------------+
Note: In order to hide this table in the UI and the text report file, please set the "Show Parameter Settings in Synthesis Report" option in "Analysis and Synthesis Settings -> More Settings" to "Off".


+--------------------------------------------------------------------------------------------+
; altsyncram Parameter Settings by Entity Instance                                           ;
+-------------------------------------------+------------------------------------------------+
; Name                                      ; Value                                          ;
+-------------------------------------------+------------------------------------------------+
; Number of entity instances                ; 1                                              ;
; Entity Instance                           ; memory_rom:ROM|altsyncram:altsyncram_component ;
;     -- OPERATION_MODE                     ; ROM                                            ;
;     -- WIDTH_A                            ; 10                                             ;
;     -- NUMWORDS_A                         ; 16                                             ;
;     -- OUTDATA_REG_A                      ; UNREGISTERED                                   ;
;     -- WIDTH_B                            ; 1                                              ;
;     -- NUMWORDS_B                         ; 1                                              ;
;     -- ADDRESS_REG_B                      ; CLOCK1                                         ;
;     -- OUTDATA_REG_B                      ; UNREGISTERED                                   ;
;     -- RAM_BLOCK_TYPE                     ; AUTO                                           ;
;     -- READ_DURING_WRITE_MODE_MIXED_PORTS ; DONT_CARE                                      ;
+-------------------------------------------+------------------------------------------------+


+-------------------------------------------------------------------------+
; Port Connectivity Checks: "maquina_troco:MAQUINADETROCO|FFD:PROCESSREG" ;
+------+-------+----------+-----------------------------------------------+
; Port ; Type  ; Severity ; Details                                       ;
+------+-------+----------+-----------------------------------------------+
; p    ; Input ; Info     ; Stuck at VCC                                  ;
+------+-------+----------+-----------------------------------------------+


+----------------------------------------------------------------------------------+
; Port Connectivity Checks: "maquina_troco:MAQUINADETROCO|registrador:REG|FFD:FF0" ;
+------+-------+----------+--------------------------------------------------------+
; Port ; Type  ; Severity ; Details                                                ;
+------+-------+----------+--------------------------------------------------------+
; p    ; Input ; Info     ; Stuck at VCC                                           ;
+------+-------+----------+--------------------------------------------------------+


+----------------------------------------------------------------------------------+
; Port Connectivity Checks: "maquina_troco:MAQUINADETROCO|registrador:REG|FFD:FF1" ;
+------+-------+----------+--------------------------------------------------------+
; Port ; Type  ; Severity ; Details                                                ;
+------+-------+----------+--------------------------------------------------------+
; p    ; Input ; Info     ; Stuck at VCC                                           ;
+------+-------+----------+--------------------------------------------------------+


+----------------------------------------------------------------------------------+
; Port Connectivity Checks: "maquina_troco:MAQUINADETROCO|registrador:REG|FFD:FF2" ;
+------+-------+----------+--------------------------------------------------------+
; Port ; Type  ; Severity ; Details                                                ;
+------+-------+----------+--------------------------------------------------------+
; p    ; Input ; Info     ; Stuck at VCC                                           ;
+------+-------+----------+--------------------------------------------------------+


+----------------------------------------------------------------------------------+
; Port Connectivity Checks: "maquina_troco:MAQUINADETROCO|registrador:REG|FFD:FF3" ;
+------+-------+----------+--------------------------------------------------------+
; Port ; Type  ; Severity ; Details                                                ;
+------+-------+----------+--------------------------------------------------------+
; p    ; Input ; Info     ; Stuck at VCC                                           ;
+------+-------+----------+--------------------------------------------------------+


+----------------------------------------------------------------------------------+
; Port Connectivity Checks: "maquina_troco:MAQUINADETROCO|registrador:REG|FFD:FF4" ;
+------+-------+----------+--------------------------------------------------------+
; Port ; Type  ; Severity ; Details                                                ;
+------+-------+----------+--------------------------------------------------------+
; p    ; Input ; Info     ; Stuck at VCC                                           ;
+------+-------+----------+--------------------------------------------------------+


+----------------------------------------------------------------------------------+
; Port Connectivity Checks: "maquina_troco:MAQUINADETROCO|registrador:REG|FFD:FF5" ;
+------+-------+----------+--------------------------------------------------------+
; Port ; Type  ; Severity ; Details                                                ;
+------+-------+----------+--------------------------------------------------------+
; p    ; Input ; Info     ; Stuck at VCC                                           ;
+------+-------+----------+--------------------------------------------------------+


+----------------------------------------------------------------------------------+
; Port Connectivity Checks: "maquina_troco:MAQUINADETROCO|registrador:REG|FFD:FF6" ;
+------+-------+----------+--------------------------------------------------------+
; Port ; Type  ; Severity ; Details                                                ;
+------+-------+----------+--------------------------------------------------------+
; p    ; Input ; Info     ; Stuck at VCC                                           ;
+------+-------+----------+--------------------------------------------------------+


+----------------------------------------------------------------------------------+
; Port Connectivity Checks: "maquina_troco:MAQUINADETROCO|registrador:REG|FFD:FF7" ;
+------+-------+----------+--------------------------------------------------------+
; Port ; Type  ; Severity ; Details                                                ;
+------+-------+----------+--------------------------------------------------------+
; p    ; Input ; Info     ; Stuck at VCC                                           ;
+------+-------+----------+--------------------------------------------------------+


+----------------------------------------------------------------------------------+
; Port Connectivity Checks: "maquina_troco:MAQUINADETROCO|registrador:REG|FFD:FF8" ;
+------+-------+----------+--------------------------------------------------------+
; Port ; Type  ; Severity ; Details                                                ;
+------+-------+----------+--------------------------------------------------------+
; p    ; Input ; Info     ; Stuck at VCC                                           ;
+------+-------+----------+--------------------------------------------------------+


+----------------------------------------------------------------------------------+
; Port Connectivity Checks: "maquina_troco:MAQUINADETROCO|registrador:REG|FFD:FF9" ;
+------+-------+----------+--------------------------------------------------------+
; Port ; Type  ; Severity ; Details                                                ;
+------+-------+----------+--------------------------------------------------------+
; p    ; Input ; Info     ; Stuck at VCC                                           ;
+------+-------+----------+--------------------------------------------------------+


+--------------------------------------------------------------------------+
; Port Connectivity Checks: "maquina_troco:MAQUINADETROCO|registrador:REG" ;
+-------+-------+----------+-----------------------------------------------+
; Port  ; Type  ; Severity ; Details                                       ;
+-------+-------+----------+-----------------------------------------------+
; clear ; Input ; Info     ; Stuck at GND                                  ;
+-------+-------+----------+-----------------------------------------------+


+------------------------------------------------------------------------------------------------------------------------+
; Port Connectivity Checks: "maquina_troco:MAQUINADETROCO|seletor_moeda:CONTROLLER|contador3bits:CONTADORMOEDA|FFD:FFD2" ;
+------+-------+----------+----------------------------------------------------------------------------------------------+
; Port ; Type  ; Severity ; Details                                                                                      ;
+------+-------+----------+----------------------------------------------------------------------------------------------+
; p    ; Input ; Info     ; Stuck at VCC                                                                                 ;
+------+-------+----------+----------------------------------------------------------------------------------------------+


+------------------------------------------------------------------------------------------------------------------------+
; Port Connectivity Checks: "maquina_troco:MAQUINADETROCO|seletor_moeda:CONTROLLER|contador3bits:CONTADORMOEDA|FFD:FFD1" ;
+------+-------+----------+----------------------------------------------------------------------------------------------+
; Port ; Type  ; Severity ; Details                                                                                      ;
+------+-------+----------+----------------------------------------------------------------------------------------------+
; p    ; Input ; Info     ; Stuck at VCC                                                                                 ;
+------+-------+----------+----------------------------------------------------------------------------------------------+


+------------------------------------------------------------------------------------------------------------------------+
; Port Connectivity Checks: "maquina_troco:MAQUINADETROCO|seletor_moeda:CONTROLLER|contador3bits:CONTADORMOEDA|FFD:FFD0" ;
+------+-------+----------+----------------------------------------------------------------------------------------------+
; Port ; Type  ; Severity ; Details                                                                                      ;
+------+-------+----------+----------------------------------------------------------------------------------------------+
; p    ; Input ; Info     ; Stuck at VCC                                                                                 ;
+------+-------+----------+----------------------------------------------------------------------------------------------+


+----------------------------------------------------------------------------------------------------------------+
; Port Connectivity Checks: "maquina_troco:MAQUINADETROCO|operations:OPERACIONAL|somador10bits:SOMADOR10"        ;
+------+--------+----------+-------------------------------------------------------------------------------------+
; Port ; Type   ; Severity ; Details                                                                             ;
+------+--------+----------+-------------------------------------------------------------------------------------+
; cin  ; Input  ; Info     ; Stuck at GND                                                                        ;
; cout ; Output ; Info     ; Connected to dangling logic. Logic that only feeds a dangling port will be removed. ;
+------+--------+----------+-------------------------------------------------------------------------------------+


+----------------------------------------------------------------------------------------------------------------------------+
; Port Connectivity Checks: "maquina_troco:MAQUINADETROCO"                                                                   ;
+------------------+--------+----------+-------------------------------------------------------------------------------------+
; Port             ; Type   ; Severity ; Details                                                                             ;
+------------------+--------+----------+-------------------------------------------------------------------------------------+
; value_reg_exibir ; Output ; Info     ; Connected to dangling logic. Logic that only feeds a dangling port will be removed. ;
; trocar_moeda     ; Output ; Info     ; Connected to dangling logic. Logic that only feeds a dangling port will be removed. ;
+------------------+--------+----------+-------------------------------------------------------------------------------------+


+----------------------------------------------------------------+
; Port Connectivity Checks: "contador4bits:CONTADORROM|FFD:FFD3" ;
+------+-------+----------+--------------------------------------+
; Port ; Type  ; Severity ; Details                              ;
+------+-------+----------+--------------------------------------+
; p    ; Input ; Info     ; Stuck at VCC                         ;
+------+-------+----------+--------------------------------------+


+----------------------------------------------------------------+
; Port Connectivity Checks: "contador4bits:CONTADORROM|FFD:FFD2" ;
+------+-------+----------+--------------------------------------+
; Port ; Type  ; Severity ; Details                              ;
+------+-------+----------+--------------------------------------+
; p    ; Input ; Info     ; Stuck at VCC                         ;
+------+-------+----------+--------------------------------------+


+----------------------------------------------------------------+
; Port Connectivity Checks: "contador4bits:CONTADORROM|FFD:FFD1" ;
+------+-------+----------+--------------------------------------+
; Port ; Type  ; Severity ; Details                              ;
+------+-------+----------+--------------------------------------+
; p    ; Input ; Info     ; Stuck at VCC                         ;
+------+-------+----------+--------------------------------------+


+----------------------------------------------------------------+
; Port Connectivity Checks: "contador4bits:CONTADORROM|FFD:FFD0" ;
+------+-------+----------+--------------------------------------+
; Port ; Type  ; Severity ; Details                              ;
+------+-------+----------+--------------------------------------+
; p    ; Input ; Info     ; Stuck at VCC                         ;
+------+-------+----------+--------------------------------------+


+-----------------------------------------------+
; Port Connectivity Checks: "sym_button:BTSYM3" ;
+------+-------+----------+---------------------+
; Port ; Type  ; Severity ; Details             ;
+------+-------+----------+---------------------+
; r    ; Input ; Info     ; Stuck at GND        ;
+------+-------+----------+---------------------+


+-----------------------------------------------+
; Port Connectivity Checks: "sym_button:BTSYM2" ;
+------+-------+----------+---------------------+
; Port ; Type  ; Severity ; Details             ;
+------+-------+----------+---------------------+
; r    ; Input ; Info     ; Stuck at GND        ;
+------+-------+----------+---------------------+


+-------------------------------+
; Elapsed Time Per Partition    ;
+----------------+--------------+
; Partition Name ; Elapsed Time ;
+----------------+--------------+
; Top            ; 00:00:04     ;
+----------------+--------------+


+-------------------------------+
; Analysis & Synthesis Messages ;
+-------------------------------+
Info: *******************************************************************
Info: Running Quartus II 64-Bit Analysis & Synthesis
    Info: Version 13.0.1 Build 232 06/12/2013 Service Pack 1 SJ Web Edition
    Info: Processing started: Tue Mar 13 18:39:16 2018
Info: Command: quartus_map --read_settings_files=on --write_settings_files=off lab04 -c lab04
Warning (20028): Parallel compilation is not licensed and has been disabled
Info (12021): Found 2 design units, including 1 entities, in source file sym_button.vhd
    Info (12022): Found design unit 1: sym_button-button
    Info (12023): Found entity 1: sym_button
Info (12021): Found 2 design units, including 1 entities, in source file somador_bit.vhd
    Info (12022): Found design unit 1: somador_bit-soma_bit
    Info (12023): Found entity 1: somador_bit
Info (12021): Found 2 design units, including 1 entities, in source file somador.vhd
    Info (12022): Found design unit 1: somador10bits-sum
    Info (12023): Found entity 1: somador10bits
Info (12021): Found 2 design units, including 1 entities, in source file seletor_moeda.vhd
    Info (12022): Found design unit 1: seletor_moeda-seletor
    Info (12023): Found entity 1: seletor_moeda
Info (12021): Found 2 design units, including 1 entities, in source file reg10bits.vhd
    Info (12022): Found design unit 1: registrador-reg
    Info (12023): Found entity 1: registrador
Info (12021): Found 2 design units, including 1 entities, in source file reg3bits.vhd
    Info (12022): Found design unit 1: reg3bits-reg
    Info (12023): Found entity 1: reg3bits
Info (12021): Found 2 design units, including 1 entities, in source file operations.vhd
    Info (12022): Found design unit 1: operations-ckt
    Info (12023): Found entity 1: operations
Info (12021): Found 2 design units, including 1 entities, in source file mux_tem_moeda.vhd
    Info (12022): Found design unit 1: mux_tem_moeda-tem_moeda
    Info (12023): Found entity 1: mux_tem_moeda
Info (12021): Found 2 design units, including 1 entities, in source file mux_reg_atual.vhd
    Info (12022): Found design unit 1: mux_reg_atual-decide_reg_atual
    Info (12023): Found entity 1: mux_reg_atual
Info (12021): Found 2 design units, including 1 entities, in source file maquina_troco.vhd
    Info (12022): Found design unit 1: maquina_troco-change_machine
    Info (12023): Found entity 1: maquina_troco
Info (12021): Found 2 design units, including 1 entities, in source file main.vhd
    Info (12022): Found design unit 1: lab04-main
    Info (12023): Found entity 1: lab04
Info (12021): Found 2 design units, including 1 entities, in source file ffd.vhd
    Info (12022): Found design unit 1: FFD-ckt
    Info (12023): Found entity 1: FFD
Info (12021): Found 2 design units, including 1 entities, in source file display7seg.vhd
    Info (12022): Found design unit 1: display-seg7
    Info (12023): Found entity 1: display
Info (12021): Found 2 design units, including 1 entities, in source file decod_out_moeda.vhd
    Info (12022): Found design unit 1: decod_moeda_out-decod_coin_out
    Info (12023): Found entity 1: decod_moeda_out
Info (12021): Found 2 design units, including 1 entities, in source file decod_moeda.vhd
    Info (12022): Found design unit 1: decod_moeda-decod_coin
    Info (12023): Found entity 1: decod_moeda
Info (12021): Found 2 design units, including 1 entities, in source file contador4bits.vhd
    Info (12022): Found design unit 1: contador4bits-counter
    Info (12023): Found entity 1: contador4bits
Info (12021): Found 2 design units, including 1 entities, in source file contador3bits.vhd
    Info (12022): Found design unit 1: contador3bits-coun3ter
    Info (12023): Found entity 1: contador3bits
Info (12021): Found 2 design units, including 1 entities, in source file comparador10bits.vhd
    Info (12022): Found design unit 1: comparador-compare
    Info (12023): Found entity 1: comparador
Info (12021): Found 2 design units, including 1 entities, in source file clock.vhd
    Info (12022): Found design unit 1: clkDiv-clock
    Info (12023): Found entity 1: clkDiv
Info (12021): Found 2 design units, including 1 entities, in source file bin_bcd_3digit.vhd
    Info (12022): Found design unit 1: bcd3_conversor-conversor3
    Info (12023): Found entity 1: bcd3_conversor
Info (12021): Found 2 design units, including 1 entities, in source file memory_rom.vhd
    Info (12022): Found design unit 1: memory_rom-SYN
    Info (12023): Found entity 1: memory_rom
Info (12127): Elaborating entity "lab04" for the top level hierarchy
Warning (10541): VHDL Signal Declaration warning at main.vhd(10): used implicit default value for signal "trocar_moeda" because signal was never assigned a value or an explicit default value. Use of implicit default value may introduce unintended design optimizations.
Warning (10036): Verilog HDL or VHDL warning at main.vhd(61): object "trocar_moeda0" assigned a value but never read
Warning (10036): Verilog HDL or VHDL warning at main.vhd(63): object "value_reg_exibir" assigned a value but never read
Info (12128): Elaborating entity "clkDiv" for hierarchy "clkDiv:CLK"
Info (12128): Elaborating entity "sym_button" for hierarchy "sym_button:BTSYM2"
Info (12128): Elaborating entity "contador4bits" for hierarchy "contador4bits:CONTADORROM"
Info (12128): Elaborating entity "FFD" for hierarchy "contador4bits:CONTADORROM|FFD:FFD0"
Info (12128): Elaborating entity "memory_rom" for hierarchy "memory_rom:ROM"
Info (12128): Elaborating entity "altsyncram" for hierarchy "memory_rom:ROM|altsyncram:altsyncram_component"
Info (12130): Elaborated megafunction instantiation "memory_rom:ROM|altsyncram:altsyncram_component"
Info (12133): Instantiated megafunction "memory_rom:ROM|altsyncram:altsyncram_component" with the following parameter:
    Info (12134): Parameter "clock_enable_input_a" = "BYPASS"
    Info (12134): Parameter "clock_enable_output_a" = "BYPASS"
    Info (12134): Parameter "init_file" = "memory_rom.mif"
    Info (12134): Parameter "intended_device_family" = "Cyclone II"
    Info (12134): Parameter "lpm_hint" = "ENABLE_RUNTIME_MOD=NO"
    Info (12134): Parameter "lpm_type" = "altsyncram"
    Info (12134): Parameter "numwords_a" = "16"
    Info (12134): Parameter "operation_mode" = "ROM"
    Info (12134): Parameter "outdata_aclr_a" = "NONE"
    Info (12134): Parameter "outdata_reg_a" = "UNREGISTERED"
    Info (12134): Parameter "widthad_a" = "4"
    Info (12134): Parameter "width_a" = "10"
    Info (12134): Parameter "width_byteena_a" = "1"
Info (12021): Found 1 design units, including 1 entities, in source file db/altsyncram_0881.tdf
    Info (12023): Found entity 1: altsyncram_0881
Info (12128): Elaborating entity "altsyncram_0881" for hierarchy "memory_rom:ROM|altsyncram:altsyncram_component|altsyncram_0881:auto_generated"
Info (12128): Elaborating entity "bcd3_conversor" for hierarchy "bcd3_conversor:BCDCONVERSOR"
Info (12128): Elaborating entity "display" for hierarchy "display:HEX00"
Info (12128): Elaborating entity "maquina_troco" for hierarchy "maquina_troco:MAQUINADETROCO"
Info (12128): Elaborating entity "operations" for hierarchy "maquina_troco:MAQUINADETROCO|operations:OPERACIONAL"
Info (12128): Elaborating entity "comparador" for hierarchy "maquina_troco:MAQUINADETROCO|operations:OPERACIONAL|comparador:COMPARADOR0"
Info (12128): Elaborating entity "somador10bits" for hierarchy "maquina_troco:MAQUINADETROCO|operations:OPERACIONAL|somador10bits:SOMADOR10"
Info (12128): Elaborating entity "somador_bit" for hierarchy "maquina_troco:MAQUINADETROCO|operations:OPERACIONAL|somador10bits:SOMADOR10|somador_bit:SOMA1"
Info (12128): Elaborating entity "mux_reg_atual" for hierarchy "maquina_troco:MAQUINADETROCO|mux_reg_atual:MUXREGATUAL"
Info (12128): Elaborating entity "seletor_moeda" for hierarchy "maquina_troco:MAQUINADETROCO|seletor_moeda:CONTROLLER"
Info (12128): Elaborating entity "contador3bits" for hierarchy "maquina_troco:MAQUINADETROCO|seletor_moeda:CONTROLLER|contador3bits:CONTADORMOEDA"
Info (12128): Elaborating entity "mux_tem_moeda" for hierarchy "maquina_troco:MAQUINADETROCO|seletor_moeda:CONTROLLER|mux_tem_moeda:MUXMOEDA"
Info (12128): Elaborating entity "decod_moeda" for hierarchy "maquina_troco:MAQUINADETROCO|seletor_moeda:CONTROLLER|decod_moeda:DECODMOEDA"
Info (12128): Elaborating entity "registrador" for hierarchy "maquina_troco:MAQUINADETROCO|registrador:REG"
Info (12128): Elaborating entity "decod_moeda_out" for hierarchy "maquina_troco:MAQUINADETROCO|decod_moeda_out:DECODOUT"
Warning (13024): Output pins are stuck at VCC or GND
    Warning (13410): Pin "trocar_moeda" is stuck at GND
Info (17049): 2 registers lost all their fanouts during netlist optimizations.
Info (16010): Generating hard_block partition "hard_block:auto_generated_inst"
    Info (16011): Adding 0 node(s), including 0 DDIO, 0 PLL, 0 transceiver and 0 LCELL
Info (21057): Implemented 397 device resources after synthesis - the final resource count might be different
    Info (21058): Implemented 9 input pins
    Info (21059): Implemented 44 output pins
    Info (21061): Implemented 334 logic cells
    Info (21064): Implemented 10 RAM segments
Info: Quartus II 64-Bit Analysis & Synthesis was successful. 0 errors, 6 warnings
    Info: Peak virtual memory: 584 megabytes
    Info: Processing ended: Tue Mar 13 18:39:23 2018
    Info: Elapsed time: 00:00:07
    Info: Total CPU time (on all processors): 00:00:07


