Analysis & Synthesis report for lab02
Tue Mar 06 21:00:09 2018
Quartus II 64-Bit Version 13.0.1 Build 232 06/12/2013 Service Pack 1 SJ Web Edition


---------------------
; Table of Contents ;
---------------------
  1. Legal Notice
  2. Analysis & Synthesis Summary
  3. Analysis & Synthesis Settings
  4. Parallel Compilation
  5. Analysis & Synthesis Source Files Read
  6. Analysis & Synthesis Resource Usage Summary
  7. Analysis & Synthesis Resource Utilization by Entity
  8. General Register Statistics
  9. Multiplexer Restructuring Statistics (Restructuring Performed)
 10. Port Connectivity Checks: "registrador:REG0|ffd:FF0"
 11. Port Connectivity Checks: "registrador:REG0|ffd:FF1"
 12. Port Connectivity Checks: "registrador:REG0|ffd:FF2"
 13. Port Connectivity Checks: "registrador:REG0|ffd:FF3"
 14. Port Connectivity Checks: "registrador:REG0|ffd:FF4"
 15. Port Connectivity Checks: "registrador:REG0|ffd:FF5"
 16. Port Connectivity Checks: "registrador:REG0|ffd:FF6"
 17. Port Connectivity Checks: "registrador:REG0|ffd:FF7"
 18. Port Connectivity Checks: "registrador:REG0|ffd:FF8"
 19. Port Connectivity Checks: "registrador:REG0|ffd:FF9"
 20. Port Connectivity Checks: "registrador:REG0|ffd:FF10"
 21. Port Connectivity Checks: "registrador:REG0|ffd:FF11"
 22. Port Connectivity Checks: "registrador:REG0|ffd:FF12"
 23. Port Connectivity Checks: "registrador:REG0|ffd:FF13"
 24. Elapsed Time Per Partition
 25. Analysis & Synthesis Messages



----------------
; Legal Notice ;
----------------
Copyright (C) 1991-2013 Altera Corporation
Your use of Altera Corporation's design tools, logic functions 
and other software and tools, and its AMPP partner logic 
functions, and any output files from any of the foregoing 
(including device programming or simulation files), and any 
associated documentation or information are expressly subject 
to the terms and conditions of the Altera Program License 
Subscription Agreement, Altera MegaCore Function License 
Agreement, or other applicable license agreement, including, 
without limitation, that your use is for the sole purpose of 
programming logic devices manufactured by Altera and sold by 
Altera or its authorized distributors.  Please refer to the 
applicable agreement for further details.



+--------------------------------------------------------------------------------------+
; Analysis & Synthesis Summary                                                         ;
+------------------------------------+-------------------------------------------------+
; Analysis & Synthesis Status        ; Successful - Tue Mar 06 21:00:09 2018           ;
; Quartus II 64-Bit Version          ; 13.0.1 Build 232 06/12/2013 SP 1 SJ Web Edition ;
; Revision Name                      ; lab02                                           ;
; Top-level Entity Name              ; lab02                                           ;
; Family                             ; Cyclone II                                      ;
; Total logic elements               ; 523                                             ;
;     Total combinational functions  ; 411                                             ;
;     Dedicated logic registers      ; 112                                             ;
; Total registers                    ; 112                                             ;
; Total pins                         ; 48                                              ;
; Total virtual pins                 ; 0                                               ;
; Total memory bits                  ; 0                                               ;
; Embedded Multiplier 9-bit elements ; 0                                               ;
; Total PLLs                         ; 0                                               ;
+------------------------------------+-------------------------------------------------+


+----------------------------------------------------------------------------------------------------------------------+
; Analysis & Synthesis Settings                                                                                        ;
+----------------------------------------------------------------------------+--------------------+--------------------+
; Option                                                                     ; Setting            ; Default Value      ;
+----------------------------------------------------------------------------+--------------------+--------------------+
; Device                                                                     ; EP2C35F672C6       ;                    ;
; Top-level entity name                                                      ; lab02              ; lab02              ;
; Family name                                                                ; Cyclone II         ; Cyclone IV GX      ;
; Use smart compilation                                                      ; Off                ; Off                ;
; Enable parallel Assembler and TimeQuest Timing Analyzer during compilation ; On                 ; On                 ;
; Enable compact report table                                                ; Off                ; Off                ;
; Restructure Multiplexers                                                   ; Auto               ; Auto               ;
; Create Debugging Nodes for IP Cores                                        ; Off                ; Off                ;
; Preserve fewer node names                                                  ; On                 ; On                 ;
; Disable OpenCore Plus hardware evaluation                                  ; Off                ; Off                ;
; Verilog Version                                                            ; Verilog_2001       ; Verilog_2001       ;
; VHDL Version                                                               ; VHDL_1993          ; VHDL_1993          ;
; State Machine Processing                                                   ; Auto               ; Auto               ;
; Safe State Machine                                                         ; Off                ; Off                ;
; Extract Verilog State Machines                                             ; On                 ; On                 ;
; Extract VHDL State Machines                                                ; On                 ; On                 ;
; Ignore Verilog initial constructs                                          ; Off                ; Off                ;
; Iteration limit for constant Verilog loops                                 ; 5000               ; 5000               ;
; Iteration limit for non-constant Verilog loops                             ; 250                ; 250                ;
; Add Pass-Through Logic to Inferred RAMs                                    ; On                 ; On                 ;
; Infer RAMs from Raw Logic                                                  ; On                 ; On                 ;
; Parallel Synthesis                                                         ; On                 ; On                 ;
; DSP Block Balancing                                                        ; Auto               ; Auto               ;
; NOT Gate Push-Back                                                         ; On                 ; On                 ;
; Power-Up Don't Care                                                        ; On                 ; On                 ;
; Remove Redundant Logic Cells                                               ; Off                ; Off                ;
; Remove Duplicate Registers                                                 ; On                 ; On                 ;
; Ignore CARRY Buffers                                                       ; Off                ; Off                ;
; Ignore CASCADE Buffers                                                     ; Off                ; Off                ;
; Ignore GLOBAL Buffers                                                      ; Off                ; Off                ;
; Ignore ROW GLOBAL Buffers                                                  ; Off                ; Off                ;
; Ignore LCELL Buffers                                                       ; Off                ; Off                ;
; Ignore SOFT Buffers                                                        ; On                 ; On                 ;
; Limit AHDL Integers to 32 Bits                                             ; Off                ; Off                ;
; Optimization Technique                                                     ; Balanced           ; Balanced           ;
; Carry Chain Length                                                         ; 70                 ; 70                 ;
; Auto Carry Chains                                                          ; On                 ; On                 ;
; Auto Open-Drain Pins                                                       ; On                 ; On                 ;
; Perform WYSIWYG Primitive Resynthesis                                      ; Off                ; Off                ;
; Auto ROM Replacement                                                       ; On                 ; On                 ;
; Auto RAM Replacement                                                       ; On                 ; On                 ;
; Auto Shift Register Replacement                                            ; Auto               ; Auto               ;
; Allow Shift Register Merging across Hierarchies                            ; Auto               ; Auto               ;
; Auto Clock Enable Replacement                                              ; On                 ; On                 ;
; Strict RAM Replacement                                                     ; Off                ; Off                ;
; Allow Synchronous Control Signals                                          ; On                 ; On                 ;
; Force Use of Synchronous Clear Signals                                     ; Off                ; Off                ;
; Auto RAM to Logic Cell Conversion                                          ; Off                ; Off                ;
; Auto Resource Sharing                                                      ; Off                ; Off                ;
; Allow Any RAM Size For Recognition                                         ; Off                ; Off                ;
; Allow Any ROM Size For Recognition                                         ; Off                ; Off                ;
; Allow Any Shift Register Size For Recognition                              ; Off                ; Off                ;
; Use LogicLock Constraints during Resource Balancing                        ; On                 ; On                 ;
; Ignore translate_off and synthesis_off directives                          ; Off                ; Off                ;
; Timing-Driven Synthesis                                                    ; Off                ; Off                ;
; Report Parameter Settings                                                  ; On                 ; On                 ;
; Report Source Assignments                                                  ; On                 ; On                 ;
; Report Connectivity Checks                                                 ; On                 ; On                 ;
; Ignore Maximum Fan-Out Assignments                                         ; Off                ; Off                ;
; Synchronization Register Chain Length                                      ; 2                  ; 2                  ;
; PowerPlay Power Optimization                                               ; Normal compilation ; Normal compilation ;
; HDL message level                                                          ; Level2             ; Level2             ;
; Suppress Register Optimization Related Messages                            ; Off                ; Off                ;
; Number of Removed Registers Reported in Synthesis Report                   ; 5000               ; 5000               ;
; Number of Swept Nodes Reported in Synthesis Report                         ; 5000               ; 5000               ;
; Number of Inverted Registers Reported in Synthesis Report                  ; 100                ; 100                ;
; Clock MUX Protection                                                       ; On                 ; On                 ;
; Auto Gated Clock Conversion                                                ; Off                ; Off                ;
; Block Design Naming                                                        ; Auto               ; Auto               ;
; SDC constraint protection                                                  ; Off                ; Off                ;
; Synthesis Effort                                                           ; Auto               ; Auto               ;
; Shift Register Replacement - Allow Asynchronous Clear Signal               ; On                 ; On                 ;
; Pre-Mapping Resynthesis Optimization                                       ; Off                ; Off                ;
; Analysis & Synthesis Message Level                                         ; Medium             ; Medium             ;
; Disable Register Merging Across Hierarchies                                ; Auto               ; Auto               ;
; Resource Aware Inference For Block RAM                                     ; On                 ; On                 ;
; Synthesis Seed                                                             ; 1                  ; 1                  ;
+----------------------------------------------------------------------------+--------------------+--------------------+


Parallel compilation was disabled, but you have multiple processors available. Enable parallel compilation to reduce compilation time.
+-------------------------------------+
; Parallel Compilation                ;
+----------------------------+--------+
; Processors                 ; Number ;
+----------------------------+--------+
; Number detected on machine ; 4      ;
; Maximum allowed            ; 1      ;
+----------------------------+--------+


+-------------------------------------------------------------------------------------------------------------------------------------------------------------------------+
; Analysis & Synthesis Source Files Read                                                                                                                                  ;
+----------------------------------+-----------------+-----------------+----------------------------------------------------------------------------------------+---------+
; File Name with User-Entered Path ; Used in Netlist ; File Type       ; File Name with Absolute Path                                                           ; Library ;
+----------------------------------+-----------------+-----------------+----------------------------------------------------------------------------------------+---------+
; display7seg.vhd                  ; yes             ; User VHDL File  ; C:/Users/Camila Barbosa/Documents/Sistemas Digitais/LAB02/display7seg.vhd              ;         ;
; reg14bits.vhd                    ; yes             ; User VHDL File  ; C:/Users/Camila Barbosa/Documents/Sistemas Digitais/LAB02/reg14bits.vhd                ;         ;
; mux8_14.vhd                      ; yes             ; User VHDL File  ; C:/Users/Camila Barbosa/Documents/Sistemas Digitais/LAB02/mux8_14.vhd                  ;         ;
; main.vhd                         ; yes             ; User VHDL File  ; C:/Users/Camila Barbosa/Documents/Sistemas Digitais/LAB02/main.vhd                     ;         ;
; ffd.vhd                          ; yes             ; User VHDL File  ; C:/Users/Camila Barbosa/Documents/Sistemas Digitais/LAB02/ffd.vhd                      ;         ;
; bin_bcd_4digit_conversor.vhd     ; yes             ; User VHDL File  ; C:/Users/Camila Barbosa/Documents/Sistemas Digitais/LAB02/bin_bcd_4digit_conversor.vhd ;         ;
+----------------------------------+-----------------+-----------------+----------------------------------------------------------------------------------------+---------+


+-----------------------------------------------------+
; Analysis & Synthesis Resource Usage Summary         ;
+---------------------------------------------+-------+
; Resource                                    ; Usage ;
+---------------------------------------------+-------+
; Estimated Total logic elements              ; 523   ;
;                                             ;       ;
; Total combinational functions               ; 411   ;
; Logic element usage by number of LUT inputs ;       ;
;     -- 4 input functions                    ; 342   ;
;     -- 3 input functions                    ; 64    ;
;     -- <=2 input functions                  ; 5     ;
;                                             ;       ;
; Logic elements by mode                      ;       ;
;     -- normal mode                          ; 411   ;
;     -- arithmetic mode                      ; 0     ;
;                                             ;       ;
; Total registers                             ; 112   ;
;     -- Dedicated logic registers            ; 112   ;
;     -- I/O registers                        ; 0     ;
;                                             ;       ;
; I/O pins                                    ; 48    ;
; Embedded Multiplier 9-bit elements          ; 0     ;
; Maximum fan-out node                        ; key2  ;
; Maximum fan-out                             ; 112   ;
; Total fan-out                               ; 2046  ;
; Average fan-out                             ; 3.58  ;
+---------------------------------------------+-------+


+---------------------------------------------------------------------------------------------------------------------------------------------------------------------------------------------+
; Analysis & Synthesis Resource Utilization by Entity                                                                                                                                         ;
+-------------------------------+-------------------+--------------+-------------+--------------+---------+-----------+------+--------------+----------------------------------+--------------+
; Compilation Hierarchy Node    ; LC Combinationals ; LC Registers ; Memory Bits ; DSP Elements ; DSP 9x9 ; DSP 18x18 ; Pins ; Virtual Pins ; Full Hierarchy Name              ; Library Name ;
+-------------------------------+-------------------+--------------+-------------+--------------+---------+-----------+------+--------------+----------------------------------+--------------+
; |lab02                        ; 411 (0)           ; 112 (0)      ; 0           ; 0            ; 0       ; 0         ; 48   ; 0            ; |lab02                           ; work         ;
;    |bcd_conversor:CONVERSOR0| ; 112 (112)         ; 0 (0)        ; 0           ; 0            ; 0       ; 0         ; 0    ; 0            ; |lab02|bcd_conversor:CONVERSOR0  ; work         ;
;    |display:DISPLAY0|         ; 75 (75)           ; 0 (0)        ; 0           ; 0            ; 0       ; 0         ; 0    ; 0            ; |lab02|display:DISPLAY0          ; work         ;
;    |display:DISPLAY1|         ; 70 (70)           ; 0 (0)        ; 0           ; 0            ; 0       ; 0         ; 0    ; 0            ; |lab02|display:DISPLAY1          ; work         ;
;    |display:DISPLAY2|         ; 54 (54)           ; 0 (0)        ; 0           ; 0            ; 0       ; 0         ; 0    ; 0            ; |lab02|display:DISPLAY2          ; work         ;
;    |display:DISPLAY3|         ; 30 (30)           ; 0 (0)        ; 0           ; 0            ; 0       ; 0         ; 0    ; 0            ; |lab02|display:DISPLAY3          ; work         ;
;    |mux8_14:MUX0|             ; 70 (70)           ; 0 (0)        ; 0           ; 0            ; 0       ; 0         ; 0    ; 0            ; |lab02|mux8_14:MUX0              ; work         ;
;    |registrador:REG0|         ; 0 (0)             ; 14 (0)       ; 0           ; 0            ; 0       ; 0         ; 0    ; 0            ; |lab02|registrador:REG0          ; work         ;
;       |ffd:FF0|               ; 0 (0)             ; 1 (1)        ; 0           ; 0            ; 0       ; 0         ; 0    ; 0            ; |lab02|registrador:REG0|ffd:FF0  ; work         ;
;       |ffd:FF10|              ; 0 (0)             ; 1 (1)        ; 0           ; 0            ; 0       ; 0         ; 0    ; 0            ; |lab02|registrador:REG0|ffd:FF10 ; work         ;
;       |ffd:FF11|              ; 0 (0)             ; 1 (1)        ; 0           ; 0            ; 0       ; 0         ; 0    ; 0            ; |lab02|registrador:REG0|ffd:FF11 ; work         ;
;       |ffd:FF12|              ; 0 (0)             ; 1 (1)        ; 0           ; 0            ; 0       ; 0         ; 0    ; 0            ; |lab02|registrador:REG0|ffd:FF12 ; work         ;
;       |ffd:FF13|              ; 0 (0)             ; 1 (1)        ; 0           ; 0            ; 0       ; 0         ; 0    ; 0            ; |lab02|registrador:REG0|ffd:FF13 ; work         ;
;       |ffd:FF1|               ; 0 (0)             ; 1 (1)        ; 0           ; 0            ; 0       ; 0         ; 0    ; 0            ; |lab02|registrador:REG0|ffd:FF1  ; work         ;
;       |ffd:FF2|               ; 0 (0)             ; 1 (1)        ; 0           ; 0            ; 0       ; 0         ; 0    ; 0            ; |lab02|registrador:REG0|ffd:FF2  ; work         ;
;       |ffd:FF3|               ; 0 (0)             ; 1 (1)        ; 0           ; 0            ; 0       ; 0         ; 0    ; 0            ; |lab02|registrador:REG0|ffd:FF3  ; work         ;
;       |ffd:FF4|               ; 0 (0)             ; 1 (1)        ; 0           ; 0            ; 0       ; 0         ; 0    ; 0            ; |lab02|registrador:REG0|ffd:FF4  ; work         ;
;       |ffd:FF5|               ; 0 (0)             ; 1 (1)        ; 0           ; 0            ; 0       ; 0         ; 0    ; 0            ; |lab02|registrador:REG0|ffd:FF5  ; work         ;
;       |ffd:FF6|               ; 0 (0)             ; 1 (1)        ; 0           ; 0            ; 0       ; 0         ; 0    ; 0            ; |lab02|registrador:REG0|ffd:FF6  ; work         ;
;       |ffd:FF7|               ; 0 (0)             ; 1 (1)        ; 0           ; 0            ; 0       ; 0         ; 0    ; 0            ; |lab02|registrador:REG0|ffd:FF7  ; work         ;
;       |ffd:FF8|               ; 0 (0)             ; 1 (1)        ; 0           ; 0            ; 0       ; 0         ; 0    ; 0            ; |lab02|registrador:REG0|ffd:FF8  ; work         ;
;       |ffd:FF9|               ; 0 (0)             ; 1 (1)        ; 0           ; 0            ; 0       ; 0         ; 0    ; 0            ; |lab02|registrador:REG0|ffd:FF9  ; work         ;
;    |registrador:REG1|         ; 0 (0)             ; 14 (0)       ; 0           ; 0            ; 0       ; 0         ; 0    ; 0            ; |lab02|registrador:REG1          ; work         ;
;       |ffd:FF0|               ; 0 (0)             ; 1 (1)        ; 0           ; 0            ; 0       ; 0         ; 0    ; 0            ; |lab02|registrador:REG1|ffd:FF0  ; work         ;
;       |ffd:FF10|              ; 0 (0)             ; 1 (1)        ; 0           ; 0            ; 0       ; 0         ; 0    ; 0            ; |lab02|registrador:REG1|ffd:FF10 ; work         ;
;       |ffd:FF11|              ; 0 (0)             ; 1 (1)        ; 0           ; 0            ; 0       ; 0         ; 0    ; 0            ; |lab02|registrador:REG1|ffd:FF11 ; work         ;
;       |ffd:FF12|              ; 0 (0)             ; 1 (1)        ; 0           ; 0            ; 0       ; 0         ; 0    ; 0            ; |lab02|registrador:REG1|ffd:FF12 ; work         ;
;       |ffd:FF13|              ; 0 (0)             ; 1 (1)        ; 0           ; 0            ; 0       ; 0         ; 0    ; 0            ; |lab02|registrador:REG1|ffd:FF13 ; work         ;
;       |ffd:FF1|               ; 0 (0)             ; 1 (1)        ; 0           ; 0            ; 0       ; 0         ; 0    ; 0            ; |lab02|registrador:REG1|ffd:FF1  ; work         ;
;       |ffd:FF2|               ; 0 (0)             ; 1 (1)        ; 0           ; 0            ; 0       ; 0         ; 0    ; 0            ; |lab02|registrador:REG1|ffd:FF2  ; work         ;
;       |ffd:FF3|               ; 0 (0)             ; 1 (1)        ; 0           ; 0            ; 0       ; 0         ; 0    ; 0            ; |lab02|registrador:REG1|ffd:FF3  ; work         ;
;       |ffd:FF4|               ; 0 (0)             ; 1 (1)        ; 0           ; 0            ; 0       ; 0         ; 0    ; 0            ; |lab02|registrador:REG1|ffd:FF4  ; work         ;
;       |ffd:FF5|               ; 0 (0)             ; 1 (1)        ; 0           ; 0            ; 0       ; 0         ; 0    ; 0            ; |lab02|registrador:REG1|ffd:FF5  ; work         ;
;       |ffd:FF6|               ; 0 (0)             ; 1 (1)        ; 0           ; 0            ; 0       ; 0         ; 0    ; 0            ; |lab02|registrador:REG1|ffd:FF6  ; work         ;
;       |ffd:FF7|               ; 0 (0)             ; 1 (1)        ; 0           ; 0            ; 0       ; 0         ; 0    ; 0            ; |lab02|registrador:REG1|ffd:FF7  ; work         ;
;       |ffd:FF8|               ; 0 (0)             ; 1 (1)        ; 0           ; 0            ; 0       ; 0         ; 0    ; 0            ; |lab02|registrador:REG1|ffd:FF8  ; work         ;
;       |ffd:FF9|               ; 0 (0)             ; 1 (1)        ; 0           ; 0            ; 0       ; 0         ; 0    ; 0            ; |lab02|registrador:REG1|ffd:FF9  ; work         ;
;    |registrador:REG2|         ; 0 (0)             ; 14 (0)       ; 0           ; 0            ; 0       ; 0         ; 0    ; 0            ; |lab02|registrador:REG2          ; work         ;
;       |ffd:FF0|               ; 0 (0)             ; 1 (1)        ; 0           ; 0            ; 0       ; 0         ; 0    ; 0            ; |lab02|registrador:REG2|ffd:FF0  ; work         ;
;       |ffd:FF10|              ; 0 (0)             ; 1 (1)        ; 0           ; 0            ; 0       ; 0         ; 0    ; 0            ; |lab02|registrador:REG2|ffd:FF10 ; work         ;
;       |ffd:FF11|              ; 0 (0)             ; 1 (1)        ; 0           ; 0            ; 0       ; 0         ; 0    ; 0            ; |lab02|registrador:REG2|ffd:FF11 ; work         ;
;       |ffd:FF12|              ; 0 (0)             ; 1 (1)        ; 0           ; 0            ; 0       ; 0         ; 0    ; 0            ; |lab02|registrador:REG2|ffd:FF12 ; work         ;
;       |ffd:FF13|              ; 0 (0)             ; 1 (1)        ; 0           ; 0            ; 0       ; 0         ; 0    ; 0            ; |lab02|registrador:REG2|ffd:FF13 ; work         ;
;       |ffd:FF1|               ; 0 (0)             ; 1 (1)        ; 0           ; 0            ; 0       ; 0         ; 0    ; 0            ; |lab02|registrador:REG2|ffd:FF1  ; work         ;
;       |ffd:FF2|               ; 0 (0)             ; 1 (1)        ; 0           ; 0            ; 0       ; 0         ; 0    ; 0            ; |lab02|registrador:REG2|ffd:FF2  ; work         ;
;       |ffd:FF3|               ; 0 (0)             ; 1 (1)        ; 0           ; 0            ; 0       ; 0         ; 0    ; 0            ; |lab02|registrador:REG2|ffd:FF3  ; work         ;
;       |ffd:FF4|               ; 0 (0)             ; 1 (1)        ; 0           ; 0            ; 0       ; 0         ; 0    ; 0            ; |lab02|registrador:REG2|ffd:FF4  ; work         ;
;       |ffd:FF5|               ; 0 (0)             ; 1 (1)        ; 0           ; 0            ; 0       ; 0         ; 0    ; 0            ; |lab02|registrador:REG2|ffd:FF5  ; work         ;
;       |ffd:FF6|               ; 0 (0)             ; 1 (1)        ; 0           ; 0            ; 0       ; 0         ; 0    ; 0            ; |lab02|registrador:REG2|ffd:FF6  ; work         ;
;       |ffd:FF7|               ; 0 (0)             ; 1 (1)        ; 0           ; 0            ; 0       ; 0         ; 0    ; 0            ; |lab02|registrador:REG2|ffd:FF7  ; work         ;
;       |ffd:FF8|               ; 0 (0)             ; 1 (1)        ; 0           ; 0            ; 0       ; 0         ; 0    ; 0            ; |lab02|registrador:REG2|ffd:FF8  ; work         ;
;       |ffd:FF9|               ; 0 (0)             ; 1 (1)        ; 0           ; 0            ; 0       ; 0         ; 0    ; 0            ; |lab02|registrador:REG2|ffd:FF9  ; work         ;
;    |registrador:REG3|         ; 0 (0)             ; 14 (0)       ; 0           ; 0            ; 0       ; 0         ; 0    ; 0            ; |lab02|registrador:REG3          ; work         ;
;       |ffd:FF0|               ; 0 (0)             ; 1 (1)        ; 0           ; 0            ; 0       ; 0         ; 0    ; 0            ; |lab02|registrador:REG3|ffd:FF0  ; work         ;
;       |ffd:FF10|              ; 0 (0)             ; 1 (1)        ; 0           ; 0            ; 0       ; 0         ; 0    ; 0            ; |lab02|registrador:REG3|ffd:FF10 ; work         ;
;       |ffd:FF11|              ; 0 (0)             ; 1 (1)        ; 0           ; 0            ; 0       ; 0         ; 0    ; 0            ; |lab02|registrador:REG3|ffd:FF11 ; work         ;
;       |ffd:FF12|              ; 0 (0)             ; 1 (1)        ; 0           ; 0            ; 0       ; 0         ; 0    ; 0            ; |lab02|registrador:REG3|ffd:FF12 ; work         ;
;       |ffd:FF13|              ; 0 (0)             ; 1 (1)        ; 0           ; 0            ; 0       ; 0         ; 0    ; 0            ; |lab02|registrador:REG3|ffd:FF13 ; work         ;
;       |ffd:FF1|               ; 0 (0)             ; 1 (1)        ; 0           ; 0            ; 0       ; 0         ; 0    ; 0            ; |lab02|registrador:REG3|ffd:FF1  ; work         ;
;       |ffd:FF2|               ; 0 (0)             ; 1 (1)        ; 0           ; 0            ; 0       ; 0         ; 0    ; 0            ; |lab02|registrador:REG3|ffd:FF2  ; work         ;
;       |ffd:FF3|               ; 0 (0)             ; 1 (1)        ; 0           ; 0            ; 0       ; 0         ; 0    ; 0            ; |lab02|registrador:REG3|ffd:FF3  ; work         ;
;       |ffd:FF4|               ; 0 (0)             ; 1 (1)        ; 0           ; 0            ; 0       ; 0         ; 0    ; 0            ; |lab02|registrador:REG3|ffd:FF4  ; work         ;
;       |ffd:FF5|               ; 0 (0)             ; 1 (1)        ; 0           ; 0            ; 0       ; 0         ; 0    ; 0            ; |lab02|registrador:REG3|ffd:FF5  ; work         ;
;       |ffd:FF6|               ; 0 (0)             ; 1 (1)        ; 0           ; 0            ; 0       ; 0         ; 0    ; 0            ; |lab02|registrador:REG3|ffd:FF6  ; work         ;
;       |ffd:FF7|               ; 0 (0)             ; 1 (1)        ; 0           ; 0            ; 0       ; 0         ; 0    ; 0            ; |lab02|registrador:REG3|ffd:FF7  ; work         ;
;       |ffd:FF8|               ; 0 (0)             ; 1 (1)        ; 0           ; 0            ; 0       ; 0         ; 0    ; 0            ; |lab02|registrador:REG3|ffd:FF8  ; work         ;
;       |ffd:FF9|               ; 0 (0)             ; 1 (1)        ; 0           ; 0            ; 0       ; 0         ; 0    ; 0            ; |lab02|registrador:REG3|ffd:FF9  ; work         ;
;    |registrador:REG4|         ; 0 (0)             ; 14 (0)       ; 0           ; 0            ; 0       ; 0         ; 0    ; 0            ; |lab02|registrador:REG4          ; work         ;
;       |ffd:FF0|               ; 0 (0)             ; 1 (1)        ; 0           ; 0            ; 0       ; 0         ; 0    ; 0            ; |lab02|registrador:REG4|ffd:FF0  ; work         ;
;       |ffd:FF10|              ; 0 (0)             ; 1 (1)        ; 0           ; 0            ; 0       ; 0         ; 0    ; 0            ; |lab02|registrador:REG4|ffd:FF10 ; work         ;
;       |ffd:FF11|              ; 0 (0)             ; 1 (1)        ; 0           ; 0            ; 0       ; 0         ; 0    ; 0            ; |lab02|registrador:REG4|ffd:FF11 ; work         ;
;       |ffd:FF12|              ; 0 (0)             ; 1 (1)        ; 0           ; 0            ; 0       ; 0         ; 0    ; 0            ; |lab02|registrador:REG4|ffd:FF12 ; work         ;
;       |ffd:FF13|              ; 0 (0)             ; 1 (1)        ; 0           ; 0            ; 0       ; 0         ; 0    ; 0            ; |lab02|registrador:REG4|ffd:FF13 ; work         ;
;       |ffd:FF1|               ; 0 (0)             ; 1 (1)        ; 0           ; 0            ; 0       ; 0         ; 0    ; 0            ; |lab02|registrador:REG4|ffd:FF1  ; work         ;
;       |ffd:FF2|               ; 0 (0)             ; 1 (1)        ; 0           ; 0            ; 0       ; 0         ; 0    ; 0            ; |lab02|registrador:REG4|ffd:FF2  ; work         ;
;       |ffd:FF3|               ; 0 (0)             ; 1 (1)        ; 0           ; 0            ; 0       ; 0         ; 0    ; 0            ; |lab02|registrador:REG4|ffd:FF3  ; work         ;
;       |ffd:FF4|               ; 0 (0)             ; 1 (1)        ; 0           ; 0            ; 0       ; 0         ; 0    ; 0            ; |lab02|registrador:REG4|ffd:FF4  ; work         ;
;       |ffd:FF5|               ; 0 (0)             ; 1 (1)        ; 0           ; 0            ; 0       ; 0         ; 0    ; 0            ; |lab02|registrador:REG4|ffd:FF5  ; work         ;
;       |ffd:FF6|               ; 0 (0)             ; 1 (1)        ; 0           ; 0            ; 0       ; 0         ; 0    ; 0            ; |lab02|registrador:REG4|ffd:FF6  ; work         ;
;       |ffd:FF7|               ; 0 (0)             ; 1 (1)        ; 0           ; 0            ; 0       ; 0         ; 0    ; 0            ; |lab02|registrador:REG4|ffd:FF7  ; work         ;
;       |ffd:FF8|               ; 0 (0)             ; 1 (1)        ; 0           ; 0            ; 0       ; 0         ; 0    ; 0            ; |lab02|registrador:REG4|ffd:FF8  ; work         ;
;       |ffd:FF9|               ; 0 (0)             ; 1 (1)        ; 0           ; 0            ; 0       ; 0         ; 0    ; 0            ; |lab02|registrador:REG4|ffd:FF9  ; work         ;
;    |registrador:REG5|         ; 0 (0)             ; 14 (0)       ; 0           ; 0            ; 0       ; 0         ; 0    ; 0            ; |lab02|registrador:REG5          ; work         ;
;       |ffd:FF0|               ; 0 (0)             ; 1 (1)        ; 0           ; 0            ; 0       ; 0         ; 0    ; 0            ; |lab02|registrador:REG5|ffd:FF0  ; work         ;
;       |ffd:FF10|              ; 0 (0)             ; 1 (1)        ; 0           ; 0            ; 0       ; 0         ; 0    ; 0            ; |lab02|registrador:REG5|ffd:FF10 ; work         ;
;       |ffd:FF11|              ; 0 (0)             ; 1 (1)        ; 0           ; 0            ; 0       ; 0         ; 0    ; 0            ; |lab02|registrador:REG5|ffd:FF11 ; work         ;
;       |ffd:FF12|              ; 0 (0)             ; 1 (1)        ; 0           ; 0            ; 0       ; 0         ; 0    ; 0            ; |lab02|registrador:REG5|ffd:FF12 ; work         ;
;       |ffd:FF13|              ; 0 (0)             ; 1 (1)        ; 0           ; 0            ; 0       ; 0         ; 0    ; 0            ; |lab02|registrador:REG5|ffd:FF13 ; work         ;
;       |ffd:FF1|               ; 0 (0)             ; 1 (1)        ; 0           ; 0            ; 0       ; 0         ; 0    ; 0            ; |lab02|registrador:REG5|ffd:FF1  ; work         ;
;       |ffd:FF2|               ; 0 (0)             ; 1 (1)        ; 0           ; 0            ; 0       ; 0         ; 0    ; 0            ; |lab02|registrador:REG5|ffd:FF2  ; work         ;
;       |ffd:FF3|               ; 0 (0)             ; 1 (1)        ; 0           ; 0            ; 0       ; 0         ; 0    ; 0            ; |lab02|registrador:REG5|ffd:FF3  ; work         ;
;       |ffd:FF4|               ; 0 (0)             ; 1 (1)        ; 0           ; 0            ; 0       ; 0         ; 0    ; 0            ; |lab02|registrador:REG5|ffd:FF4  ; work         ;
;       |ffd:FF5|               ; 0 (0)             ; 1 (1)        ; 0           ; 0            ; 0       ; 0         ; 0    ; 0            ; |lab02|registrador:REG5|ffd:FF5  ; work         ;
;       |ffd:FF6|               ; 0 (0)             ; 1 (1)        ; 0           ; 0            ; 0       ; 0         ; 0    ; 0            ; |lab02|registrador:REG5|ffd:FF6  ; work         ;
;       |ffd:FF7|               ; 0 (0)             ; 1 (1)        ; 0           ; 0            ; 0       ; 0         ; 0    ; 0            ; |lab02|registrador:REG5|ffd:FF7  ; work         ;
;       |ffd:FF8|               ; 0 (0)             ; 1 (1)        ; 0           ; 0            ; 0       ; 0         ; 0    ; 0            ; |lab02|registrador:REG5|ffd:FF8  ; work         ;
;       |ffd:FF9|               ; 0 (0)             ; 1 (1)        ; 0           ; 0            ; 0       ; 0         ; 0    ; 0            ; |lab02|registrador:REG5|ffd:FF9  ; work         ;
;    |registrador:REG6|         ; 0 (0)             ; 14 (0)       ; 0           ; 0            ; 0       ; 0         ; 0    ; 0            ; |lab02|registrador:REG6          ; work         ;
;       |ffd:FF0|               ; 0 (0)             ; 1 (1)        ; 0           ; 0            ; 0       ; 0         ; 0    ; 0            ; |lab02|registrador:REG6|ffd:FF0  ; work         ;
;       |ffd:FF10|              ; 0 (0)             ; 1 (1)        ; 0           ; 0            ; 0       ; 0         ; 0    ; 0            ; |lab02|registrador:REG6|ffd:FF10 ; work         ;
;       |ffd:FF11|              ; 0 (0)             ; 1 (1)        ; 0           ; 0            ; 0       ; 0         ; 0    ; 0            ; |lab02|registrador:REG6|ffd:FF11 ; work         ;
;       |ffd:FF12|              ; 0 (0)             ; 1 (1)        ; 0           ; 0            ; 0       ; 0         ; 0    ; 0            ; |lab02|registrador:REG6|ffd:FF12 ; work         ;
;       |ffd:FF13|              ; 0 (0)             ; 1 (1)        ; 0           ; 0            ; 0       ; 0         ; 0    ; 0            ; |lab02|registrador:REG6|ffd:FF13 ; work         ;
;       |ffd:FF1|               ; 0 (0)             ; 1 (1)        ; 0           ; 0            ; 0       ; 0         ; 0    ; 0            ; |lab02|registrador:REG6|ffd:FF1  ; work         ;
;       |ffd:FF2|               ; 0 (0)             ; 1 (1)        ; 0           ; 0            ; 0       ; 0         ; 0    ; 0            ; |lab02|registrador:REG6|ffd:FF2  ; work         ;
;       |ffd:FF3|               ; 0 (0)             ; 1 (1)        ; 0           ; 0            ; 0       ; 0         ; 0    ; 0            ; |lab02|registrador:REG6|ffd:FF3  ; work         ;
;       |ffd:FF4|               ; 0 (0)             ; 1 (1)        ; 0           ; 0            ; 0       ; 0         ; 0    ; 0            ; |lab02|registrador:REG6|ffd:FF4  ; work         ;
;       |ffd:FF5|               ; 0 (0)             ; 1 (1)        ; 0           ; 0            ; 0       ; 0         ; 0    ; 0            ; |lab02|registrador:REG6|ffd:FF5  ; work         ;
;       |ffd:FF6|               ; 0 (0)             ; 1 (1)        ; 0           ; 0            ; 0       ; 0         ; 0    ; 0            ; |lab02|registrador:REG6|ffd:FF6  ; work         ;
;       |ffd:FF7|               ; 0 (0)             ; 1 (1)        ; 0           ; 0            ; 0       ; 0         ; 0    ; 0            ; |lab02|registrador:REG6|ffd:FF7  ; work         ;
;       |ffd:FF8|               ; 0 (0)             ; 1 (1)        ; 0           ; 0            ; 0       ; 0         ; 0    ; 0            ; |lab02|registrador:REG6|ffd:FF8  ; work         ;
;       |ffd:FF9|               ; 0 (0)             ; 1 (1)        ; 0           ; 0            ; 0       ; 0         ; 0    ; 0            ; |lab02|registrador:REG6|ffd:FF9  ; work         ;
;    |registrador:REG7|         ; 0 (0)             ; 14 (0)       ; 0           ; 0            ; 0       ; 0         ; 0    ; 0            ; |lab02|registrador:REG7          ; work         ;
;       |ffd:FF0|               ; 0 (0)             ; 1 (1)        ; 0           ; 0            ; 0       ; 0         ; 0    ; 0            ; |lab02|registrador:REG7|ffd:FF0  ; work         ;
;       |ffd:FF10|              ; 0 (0)             ; 1 (1)        ; 0           ; 0            ; 0       ; 0         ; 0    ; 0            ; |lab02|registrador:REG7|ffd:FF10 ; work         ;
;       |ffd:FF11|              ; 0 (0)             ; 1 (1)        ; 0           ; 0            ; 0       ; 0         ; 0    ; 0            ; |lab02|registrador:REG7|ffd:FF11 ; work         ;
;       |ffd:FF12|              ; 0 (0)             ; 1 (1)        ; 0           ; 0            ; 0       ; 0         ; 0    ; 0            ; |lab02|registrador:REG7|ffd:FF12 ; work         ;
;       |ffd:FF13|              ; 0 (0)             ; 1 (1)        ; 0           ; 0            ; 0       ; 0         ; 0    ; 0            ; |lab02|registrador:REG7|ffd:FF13 ; work         ;
;       |ffd:FF1|               ; 0 (0)             ; 1 (1)        ; 0           ; 0            ; 0       ; 0         ; 0    ; 0            ; |lab02|registrador:REG7|ffd:FF1  ; work         ;
;       |ffd:FF2|               ; 0 (0)             ; 1 (1)        ; 0           ; 0            ; 0       ; 0         ; 0    ; 0            ; |lab02|registrador:REG7|ffd:FF2  ; work         ;
;       |ffd:FF3|               ; 0 (0)             ; 1 (1)        ; 0           ; 0            ; 0       ; 0         ; 0    ; 0            ; |lab02|registrador:REG7|ffd:FF3  ; work         ;
;       |ffd:FF4|               ; 0 (0)             ; 1 (1)        ; 0           ; 0            ; 0       ; 0         ; 0    ; 0            ; |lab02|registrador:REG7|ffd:FF4  ; work         ;
;       |ffd:FF5|               ; 0 (0)             ; 1 (1)        ; 0           ; 0            ; 0       ; 0         ; 0    ; 0            ; |lab02|registrador:REG7|ffd:FF5  ; work         ;
;       |ffd:FF6|               ; 0 (0)             ; 1 (1)        ; 0           ; 0            ; 0       ; 0         ; 0    ; 0            ; |lab02|registrador:REG7|ffd:FF6  ; work         ;
;       |ffd:FF7|               ; 0 (0)             ; 1 (1)        ; 0           ; 0            ; 0       ; 0         ; 0    ; 0            ; |lab02|registrador:REG7|ffd:FF7  ; work         ;
;       |ffd:FF8|               ; 0 (0)             ; 1 (1)        ; 0           ; 0            ; 0       ; 0         ; 0    ; 0            ; |lab02|registrador:REG7|ffd:FF8  ; work         ;
;       |ffd:FF9|               ; 0 (0)             ; 1 (1)        ; 0           ; 0            ; 0       ; 0         ; 0    ; 0            ; |lab02|registrador:REG7|ffd:FF9  ; work         ;
+-------------------------------+-------------------+--------------+-------------+--------------+---------+-----------+------+--------------+----------------------------------+--------------+
Note: For table entries with two numbers listed, the numbers in parentheses indicate the number of resources of the given type used by the specific entity alone. The numbers listed outside of parentheses indicate the total resources of the given type used by the specific entity and all of its sub-entities in the hierarchy.


+------------------------------------------------------+
; General Register Statistics                          ;
+----------------------------------------------+-------+
; Statistic                                    ; Value ;
+----------------------------------------------+-------+
; Total registers                              ; 112   ;
; Number of registers using Synchronous Clear  ; 0     ;
; Number of registers using Synchronous Load   ; 0     ;
; Number of registers using Asynchronous Clear ; 112   ;
; Number of registers using Asynchronous Load  ; 0     ;
; Number of registers using Clock Enable       ; 112   ;
; Number of registers using Preset             ; 0     ;
+----------------------------------------------+-------+


+-----------------------------------------------------------------------------------------------------------------------------------------------+
; Multiplexer Restructuring Statistics (Restructuring Performed)                                                                                ;
+--------------------+-----------+---------------+----------------------+------------------------+------------+---------------------------------+
; Multiplexer Inputs ; Bus Width ; Baseline Area ; Area if Restructured ; Saving if Restructured ; Registered ; Example Multiplexer Output      ;
+--------------------+-----------+---------------+----------------------+------------------------+------------+---------------------------------+
; 8:1                ; 14 bits   ; 70 LEs        ; 70 LEs               ; 0 LEs                  ; No         ; |lab02|mux8_14:MUX0|seq_out[3]  ;
; 256:1              ; 2 bits    ; 340 LEs       ; 242 LEs              ; 98 LEs                 ; No         ; |lab02|display:DISPLAY1|outt[6] ;
; 256:1              ; 2 bits    ; 340 LEs       ; 242 LEs              ; 98 LEs                 ; No         ; |lab02|display:DISPLAY2|outt[6] ;
; 256:1              ; 2 bits    ; 340 LEs       ; 242 LEs              ; 98 LEs                 ; No         ; |lab02|display:DISPLAY0|outt[6] ;
+--------------------+-----------+---------------+----------------------+------------------------+------------+---------------------------------+


+------------------------------------------------------+
; Port Connectivity Checks: "registrador:REG0|ffd:FF0" ;
+------+-------+----------+----------------------------+
; Port ; Type  ; Severity ; Details                    ;
+------+-------+----------+----------------------------+
; p    ; Input ; Info     ; Stuck at VCC               ;
+------+-------+----------+----------------------------+


+------------------------------------------------------+
; Port Connectivity Checks: "registrador:REG0|ffd:FF1" ;
+------+-------+----------+----------------------------+
; Port ; Type  ; Severity ; Details                    ;
+------+-------+----------+----------------------------+
; p    ; Input ; Info     ; Stuck at VCC               ;
+------+-------+----------+----------------------------+


+------------------------------------------------------+
; Port Connectivity Checks: "registrador:REG0|ffd:FF2" ;
+------+-------+----------+----------------------------+
; Port ; Type  ; Severity ; Details                    ;
+------+-------+----------+----------------------------+
; p    ; Input ; Info     ; Stuck at VCC               ;
+------+-------+----------+----------------------------+


+------------------------------------------------------+
; Port Connectivity Checks: "registrador:REG0|ffd:FF3" ;
+------+-------+----------+----------------------------+
; Port ; Type  ; Severity ; Details                    ;
+------+-------+----------+----------------------------+
; p    ; Input ; Info     ; Stuck at VCC               ;
+------+-------+----------+----------------------------+


+------------------------------------------------------+
; Port Connectivity Checks: "registrador:REG0|ffd:FF4" ;
+------+-------+----------+----------------------------+
; Port ; Type  ; Severity ; Details                    ;
+------+-------+----------+----------------------------+
; p    ; Input ; Info     ; Stuck at VCC               ;
+------+-------+----------+----------------------------+


+------------------------------------------------------+
; Port Connectivity Checks: "registrador:REG0|ffd:FF5" ;
+------+-------+----------+----------------------------+
; Port ; Type  ; Severity ; Details                    ;
+------+-------+----------+----------------------------+
; p    ; Input ; Info     ; Stuck at VCC               ;
+------+-------+----------+----------------------------+


+------------------------------------------------------+
; Port Connectivity Checks: "registrador:REG0|ffd:FF6" ;
+------+-------+----------+----------------------------+
; Port ; Type  ; Severity ; Details                    ;
+------+-------+----------+----------------------------+
; p    ; Input ; Info     ; Stuck at VCC               ;
+------+-------+----------+----------------------------+


+------------------------------------------------------+
; Port Connectivity Checks: "registrador:REG0|ffd:FF7" ;
+------+-------+----------+----------------------------+
; Port ; Type  ; Severity ; Details                    ;
+------+-------+----------+----------------------------+
; p    ; Input ; Info     ; Stuck at VCC               ;
+------+-------+----------+----------------------------+


+------------------------------------------------------+
; Port Connectivity Checks: "registrador:REG0|ffd:FF8" ;
+------+-------+----------+----------------------------+
; Port ; Type  ; Severity ; Details                    ;
+------+-------+----------+----------------------------+
; p    ; Input ; Info     ; Stuck at VCC               ;
+------+-------+----------+----------------------------+


+------------------------------------------------------+
; Port Connectivity Checks: "registrador:REG0|ffd:FF9" ;
+------+-------+----------+----------------------------+
; Port ; Type  ; Severity ; Details                    ;
+------+-------+----------+----------------------------+
; p    ; Input ; Info     ; Stuck at VCC               ;
+------+-------+----------+----------------------------+


+-------------------------------------------------------+
; Port Connectivity Checks: "registrador:REG0|ffd:FF10" ;
+------+-------+----------+-----------------------------+
; Port ; Type  ; Severity ; Details                     ;
+------+-------+----------+-----------------------------+
; p    ; Input ; Info     ; Stuck at VCC                ;
+------+-------+----------+-----------------------------+


+-------------------------------------------------------+
; Port Connectivity Checks: "registrador:REG0|ffd:FF11" ;
+------+-------+----------+-----------------------------+
; Port ; Type  ; Severity ; Details                     ;
+------+-------+----------+-----------------------------+
; p    ; Input ; Info     ; Stuck at VCC                ;
+------+-------+----------+-----------------------------+


+-------------------------------------------------------+
; Port Connectivity Checks: "registrador:REG0|ffd:FF12" ;
+------+-------+----------+-----------------------------+
; Port ; Type  ; Severity ; Details                     ;
+------+-------+----------+-----------------------------+
; p    ; Input ; Info     ; Stuck at VCC                ;
+------+-------+----------+-----------------------------+


+-------------------------------------------------------+
; Port Connectivity Checks: "registrador:REG0|ffd:FF13" ;
+------+-------+----------+-----------------------------+
; Port ; Type  ; Severity ; Details                     ;
+------+-------+----------+-----------------------------+
; p    ; Input ; Info     ; Stuck at VCC                ;
+------+-------+----------+-----------------------------+


+-------------------------------+
; Elapsed Time Per Partition    ;
+----------------+--------------+
; Partition Name ; Elapsed Time ;
+----------------+--------------+
; Top            ; 00:00:05     ;
+----------------+--------------+


+-------------------------------+
; Analysis & Synthesis Messages ;
+-------------------------------+
Info: *******************************************************************
Info: Running Quartus II 64-Bit Analysis & Synthesis
    Info: Version 13.0.1 Build 232 06/12/2013 Service Pack 1 SJ Web Edition
    Info: Processing started: Tue Mar 06 21:00:01 2018
Info: Command: quartus_map --read_settings_files=on --write_settings_files=off lab02 -c lab02
Warning (20028): Parallel compilation is not licensed and has been disabled
Info (12021): Found 2 design units, including 1 entities, in source file display7seg.vhd
    Info (12022): Found design unit 1: display-seg7
    Info (12023): Found entity 1: display
Info (12021): Found 2 design units, including 1 entities, in source file reg14bits.vhd
    Info (12022): Found design unit 1: registrador-reg
    Info (12023): Found entity 1: registrador
Info (12021): Found 2 design units, including 1 entities, in source file mux8_14.vhd
    Info (12022): Found design unit 1: mux8_14-mux
    Info (12023): Found entity 1: mux8_14
Info (12021): Found 2 design units, including 1 entities, in source file main.vhd
    Info (12022): Found design unit 1: lab02-main
    Info (12023): Found entity 1: lab02
Info (12021): Found 2 design units, including 1 entities, in source file ffd.vhd
    Info (12022): Found design unit 1: ffd-ckt
    Info (12023): Found entity 1: ffd
Info (12021): Found 2 design units, including 1 entities, in source file bin_bcd_4digit_conversor.vhd
    Info (12022): Found design unit 1: bcd_conversor-conversor
    Info (12023): Found entity 1: bcd_conversor
Info (12127): Elaborating entity "lab02" for the top level hierarchy
Info (12128): Elaborating entity "display" for hierarchy "display:DISPLAY0"
Info (12128): Elaborating entity "mux8_14" for hierarchy "mux8_14:MUX0"
Info (10041): Inferred latch for "seq_out[0]" at mux8_14.vhd(14)
Info (10041): Inferred latch for "seq_out[1]" at mux8_14.vhd(14)
Info (10041): Inferred latch for "seq_out[2]" at mux8_14.vhd(14)
Info (10041): Inferred latch for "seq_out[3]" at mux8_14.vhd(14)
Info (10041): Inferred latch for "seq_out[4]" at mux8_14.vhd(14)
Info (10041): Inferred latch for "seq_out[5]" at mux8_14.vhd(14)
Info (10041): Inferred latch for "seq_out[6]" at mux8_14.vhd(14)
Info (10041): Inferred latch for "seq_out[7]" at mux8_14.vhd(14)
Info (10041): Inferred latch for "seq_out[8]" at mux8_14.vhd(14)
Info (10041): Inferred latch for "seq_out[9]" at mux8_14.vhd(14)
Info (10041): Inferred latch for "seq_out[10]" at mux8_14.vhd(14)
Info (10041): Inferred latch for "seq_out[11]" at mux8_14.vhd(14)
Info (10041): Inferred latch for "seq_out[12]" at mux8_14.vhd(14)
Info (10041): Inferred latch for "seq_out[13]" at mux8_14.vhd(14)
Info (12128): Elaborating entity "bcd_conversor" for hierarchy "bcd_conversor:CONVERSOR0"
Info (12128): Elaborating entity "registrador" for hierarchy "registrador:REG0"
Info (12128): Elaborating entity "ffd" for hierarchy "registrador:REG0|ffd:FF13"
Warning (14026): LATCH primitive "mux8_14:MUX0|seq_out[0]" is permanently enabled
Warning (14026): LATCH primitive "mux8_14:MUX0|seq_out[3]" is permanently enabled
Warning (14026): LATCH primitive "mux8_14:MUX0|seq_out[6]" is permanently enabled
Warning (14026): LATCH primitive "mux8_14:MUX0|seq_out[9]" is permanently enabled
Warning (14026): LATCH primitive "mux8_14:MUX0|seq_out[12]" is permanently enabled
Warning (14026): LATCH primitive "mux8_14:MUX0|seq_out[11]" is permanently enabled
Warning (14026): LATCH primitive "mux8_14:MUX0|seq_out[13]" is permanently enabled
Warning (14026): LATCH primitive "mux8_14:MUX0|seq_out[10]" is permanently enabled
Warning (14026): LATCH primitive "mux8_14:MUX0|seq_out[8]" is permanently enabled
Warning (14026): LATCH primitive "mux8_14:MUX0|seq_out[7]" is permanently enabled
Warning (14026): LATCH primitive "mux8_14:MUX0|seq_out[5]" is permanently enabled
Warning (14026): LATCH primitive "mux8_14:MUX0|seq_out[4]" is permanently enabled
Warning (14026): LATCH primitive "mux8_14:MUX0|seq_out[2]" is permanently enabled
Warning (14026): LATCH primitive "mux8_14:MUX0|seq_out[1]" is permanently enabled
Info (16010): Generating hard_block partition "hard_block:auto_generated_inst"
    Info (16011): Adding 0 node(s), including 0 DDIO, 0 PLL, 0 transceiver and 0 LCELL
Info (21057): Implemented 571 device resources after synthesis - the final resource count might be different
    Info (21058): Implemented 20 input pins
    Info (21059): Implemented 28 output pins
    Info (21061): Implemented 523 logic cells
Info: Quartus II 64-Bit Analysis & Synthesis was successful. 0 errors, 15 warnings
    Info: Peak virtual memory: 580 megabytes
    Info: Processing ended: Tue Mar 06 21:00:09 2018
    Info: Elapsed time: 00:00:08
    Info: Total CPU time (on all processors): 00:00:07


